<?xml version="1.0" encoding="UTF-8"?>
<testsuite xmlns:xsi="http://www.w3.org/2001/XMLSchema-instance" xsi:noNamespaceSchemaLocation="https://maven.apache.org/surefire/maven-surefire-plugin/xsd/surefire-test-report.xsd" name="com.fdmgroup.RealEstateApp.BidTests" time="3.957" tests="10" errors="7" skipped="0" failures="1">
  <properties>
[...]
</properties>
  <testcase name="testCreateNewBid" classname="com.fdmgroup.RealEstateApp.BidTests" time="0.016"/>
  <testcase name="testAddUserForABid" classname="com.fdmgroup.RealEstateApp.BidTests" time="0.004"/>
  <testcase name="testBidDelete" classname="com.fdmgroup.RealEstateApp.BidTests" time="0.007">
    <error message="Entity must not be null!; nested exception is java.lang.IllegalArgumentException: Entity must not be null!" type="org.springframework.dao.InvalidDataAccessApiUsageException">org.springframework.dao.InvalidDataAccessApiUsageException: Entity must not be null!; nested exception is java.lang.IllegalArgumentException: Entity must not be null!
	at com.fdmgroup.RealEstateApp.BidTests.testBidDelete(BidTests.java:96)
Caused by: java.lang.IllegalArgumentException: Entity must not be null!
	at com.fdmgroup.RealEstateApp.BidTests.testBidDelete(BidTests.java:96)
</error>
    <system-out><![CDATA[
  .   ____          _            __ _ _
 /\\ / ___'_ __ _ _(_)_ __  __ _ \ \ \ \
( ( )\___ | '_ | '_| | '_ \/ _` | \ \ \ \
 \\/  ___)| |_)| | | | | || (_| |  ) ) ) )
  '  |____| .__|_| |_|_| |_\__, | / / / /
 =========|_|==============|___/=/_/_/_/
 :: Spring Boot ::                (v2.4.4)

2026-03-25 22:32:41.380  INFO 2914 --- [           main] com.fdmgroup.RealEstateApp.BidTests      : Starting BidTests using Java 25 on Cristian-Beniamins-MacBook-Pro.local with PID 2914 (started by cristian-beniaminbalau in /Users/cristian-beniaminbalau/Desktop/RealEstateProject)
2026-03-25 22:32:41.380  INFO 2914 --- [           main] com.fdmgroup.RealEstateApp.BidTests      : No active profile set, falling back to default profiles: default
2026-03-25 22:32:41.460  INFO 2914 --- [           main] .s.d.r.c.RepositoryConfigurationDelegate : Bootstrapping Spring Data JPA repositories in DEFAULT mode.
2026-03-25 22:32:41.465  INFO 2914 --- [           main] .s.d.r.c.RepositoryConfigurationDelegate : Finished Spring Data repository scanning in 4 ms. Found 3 JPA repository interfaces.
2026-03-25 22:32:41.496  INFO 2914 --- [           main] com.zaxxer.hikari.HikariDataSource       : HikariPool-20 - Starting...
2026-03-25 22:32:41.497  INFO 2914 --- [           main] com.zaxxer.hikari.HikariDataSource       : HikariPool-20 - Start completed.
2026-03-25 22:32:41.501  INFO 2914 --- [           main] o.hibernate.jpa.internal.util.LogHelper  : HHH000204: Processing PersistenceUnitInfo [name: default]
2026-03-25 22:32:41.503  INFO 2914 --- [           main] org.hibernate.dialect.Dialect            : HHH000400: Using dialect: org.hibernate.dialect.H2Dialect
2026-03-25 22:32:41.526  INFO 2914 --- [           main] o.h.e.t.j.p.i.JtaPlatformInitiator       : HHH000490: Using JtaPlatform implementation: [org.hibernate.engine.transaction.jta.platform.internal.NoJtaPlatform]
2026-03-25 22:32:41.526  INFO 2914 --- [           main] j.LocalContainerEntityManagerFactoryBean : Initialized JPA EntityManagerFactory for persistence unit 'default'
2026-03-25 22:32:41.605  WARN 2914 --- [           main] JpaBaseConfiguration$JpaWebConfiguration : spring.jpa.open-in-view is enabled by default. Therefore, database queries may be performed during view rendering. Explicitly configure spring.jpa.open-in-view to disable this warning
2026-03-25 22:32:41.654  INFO 2914 --- [           main] o.s.s.concurrent.ThreadPoolTaskExecutor  : Initializing ExecutorService 'applicationTaskExecutor'
2026-03-25 22:32:41.772  INFO 2914 --- [           main] o.s.b.a.e.web.EndpointLinksResolver      : Exposing 2 endpoint(s) beneath base path '/actuator'
2026-03-25 22:32:41.787  INFO 2914 --- [           main] com.fdmgroup.RealEstateApp.BidTests      : Started BidTests in 0.413 seconds (JVM running for 14.208)
2026-03-25 22:32:41.792  INFO 2914 --- [           main] o.s.s.concurrent.ThreadPoolTaskExecutor  : Shutting down ExecutorService 'applicationTaskExecutor'
2026-03-25 22:32:41.793  INFO 2914 --- [           main] j.LocalContainerEntityManagerFactoryBean : Closing JPA EntityManagerFactory for persistence unit 'default'
2026-03-25 22:32:41.793  INFO 2914 --- [           main] .SchemaDropperImpl$DelayedDropActionImpl : HHH000477: Starting delayed evictData of schema as part of SessionFactory shut-down'
2026-03-25 22:32:41.794  INFO 2914 --- [           main] com.zaxxer.hikari.HikariDataSource       : HikariPool-20 - Shutdown initiated...
2026-03-25 22:32:41.795  INFO 2914 --- [           main] com.zaxxer.hikari.HikariDataSource       : HikariPool-20 - Shutdown completed.
]]></system-out>
  </testcase>
  <testcase name="testUpdateBid" classname="com.fdmgroup.RealEstateApp.BidTests" time="0.005">
    <error message="No value present" type="java.util.NoSuchElementException">java.util.NoSuchElementException: No value present
	at com.fdmgroup.RealEstateApp.BidTests.testUpdateBid(BidTests.java:88)
</error>
    <system-out><![CDATA[
  .   ____          _            __ _ _
 /\\ / ___'_ __ _ _(_)_ __  __ _ \ \ \ \
( ( )\___ | '_ | '_| | '_ \/ _` | \ \ \ \
 \\/  ___)| |_)| | | | | || (_| |  ) ) ) )
  '  |____| .__|_| |_|_| |_\__, | / / / /
 =========|_|==============|___/=/_/_/_/
 :: Spring Boot ::                (v2.4.4)

2026-03-25 22:32:41.803  INFO 2914 --- [           main] com.fdmgroup.RealEstateApp.BidTests      : Starting BidTests using Java 25 on Cristian-Beniamins-MacBook-Pro.local with PID 2914 (started by cristian-beniaminbalau in /Users/cristian-beniaminbalau/Desktop/RealEstateProject)
2026-03-25 22:32:41.803  INFO 2914 --- [           main] com.fdmgroup.RealEstateApp.BidTests      : No active profile set, falling back to default profiles: default
2026-03-25 22:32:41.882  INFO 2914 --- [           main] .s.d.r.c.RepositoryConfigurationDelegate : Bootstrapping Spring Data JPA repositories in DEFAULT mode.
2026-03-25 22:32:41.886  INFO 2914 --- [           main] .s.d.r.c.RepositoryConfigurationDelegate : Finished Spring Data repository scanning in 4 ms. Found 3 JPA repository interfaces.
2026-03-25 22:32:41.921  INFO 2914 --- [           main] com.zaxxer.hikari.HikariDataSource       : HikariPool-21 - Starting...
2026-03-25 22:32:41.923  INFO 2914 --- [           main] com.zaxxer.hikari.HikariDataSource       : HikariPool-21 - Start completed.
2026-03-25 22:32:41.928  INFO 2914 --- [           main] o.hibernate.jpa.internal.util.LogHelper  : HHH000204: Processing PersistenceUnitInfo [name: default]
2026-03-25 22:32:41.931  INFO 2914 --- [           main] org.hibernate.dialect.Dialect            : HHH000400: Using dialect: org.hibernate.dialect.H2Dialect
2026-03-25 22:32:41.954  INFO 2914 --- [           main] o.h.e.t.j.p.i.JtaPlatformInitiator       : HHH000490: Using JtaPlatform implementation: [org.hibernate.engine.transaction.jta.platform.internal.NoJtaPlatform]
2026-03-25 22:32:41.954  INFO 2914 --- [           main] j.LocalContainerEntityManagerFactoryBean : Initialized JPA EntityManagerFactory for persistence unit 'default'
2026-03-25 22:32:42.029  WARN 2914 --- [           main] JpaBaseConfiguration$JpaWebConfiguration : spring.jpa.open-in-view is enabled by default. Therefore, database queries may be performed during view rendering. Explicitly configure spring.jpa.open-in-view to disable this warning
2026-03-25 22:32:42.071  INFO 2914 --- [           main] o.s.s.concurrent.ThreadPoolTaskExecutor  : Initializing ExecutorService 'applicationTaskExecutor'
2026-03-25 22:32:42.196  INFO 2914 --- [           main] o.s.b.a.e.web.EndpointLinksResolver      : Exposing 2 endpoint(s) beneath base path '/actuator'
2026-03-25 22:32:42.214  INFO 2914 --- [           main] com.fdmgroup.RealEstateApp.BidTests      : Started BidTests in 0.417 seconds (JVM running for 14.635)
2026-03-25 22:32:42.218  INFO 2914 --- [           main] o.s.s.concurrent.ThreadPoolTaskExecutor  : Shutting down ExecutorService 'applicationTaskExecutor'
2026-03-25 22:32:42.218  INFO 2914 --- [           main] j.LocalContainerEntityManagerFactoryBean : Closing JPA EntityManagerFactory for persistence unit 'default'
2026-03-25 22:32:42.218  INFO 2914 --- [           main] .SchemaDropperImpl$DelayedDropActionImpl : HHH000477: Starting delayed evictData of schema as part of SessionFactory shut-down'
2026-03-25 22:32:42.219  INFO 2914 --- [           main] com.zaxxer.hikari.HikariDataSource       : HikariPool-21 - Shutdown initiated...
2026-03-25 22:32:42.220  INFO 2914 --- [           main] com.zaxxer.hikari.HikariDataSource       : HikariPool-21 - Shutdown completed.
]]></system-out>
  </testcase>
  <testcase name="testBidFindById" classname="com.fdmgroup.RealEstateApp.BidTests" time="0.005">
    <error message="No value present" type="java.util.NoSuchElementException">java.util.NoSuchElementException: No value present
	at com.fdmgroup.RealEstateApp.BidTests.testBidFindById(BidTests.java:42)
</error>
    <system-out><![CDATA[
  .   ____          _            __ _ _
 /\\ / ___'_ __ _ _(_)_ __  __ _ \ \ \ \
( ( )\___ | '_ | '_| | '_ \/ _` | \ \ \ \
 \\/  ___)| |_)| | | | | || (_| |  ) ) ) )
  '  |____| .__|_| |_|_| |_\__, | / / / /
 =========|_|==============|___/=/_/_/_/
 :: Spring Boot ::                (v2.4.4)

2026-03-25 22:32:42.227  INFO 2914 --- [           main] com.fdmgroup.RealEstateApp.BidTests      : Starting BidTests using Java 25 on Cristian-Beniamins-MacBook-Pro.local with PID 2914 (started by cristian-beniaminbalau in /Users/cristian-beniaminbalau/Desktop/RealEstateProject)
2026-03-25 22:32:42.227  INFO 2914 --- [           main] com.fdmgroup.RealEstateApp.BidTests      : No active profile set, falling back to default profiles: default
2026-03-25 22:32:42.304  INFO 2914 --- [           main] .s.d.r.c.RepositoryConfigurationDelegate : Bootstrapping Spring Data JPA repositories in DEFAULT mode.
2026-03-25 22:32:42.309  INFO 2914 --- [           main] .s.d.r.c.RepositoryConfigurationDelegate : Finished Spring Data repository scanning in 4 ms. Found 3 JPA repository interfaces.
2026-03-25 22:32:42.339  INFO 2914 --- [           main] com.zaxxer.hikari.HikariDataSource       : HikariPool-22 - Starting...
2026-03-25 22:32:42.340  INFO 2914 --- [           main] com.zaxxer.hikari.HikariDataSource       : HikariPool-22 - Start completed.
2026-03-25 22:32:42.344  INFO 2914 --- [           main] o.hibernate.jpa.internal.util.LogHelper  : HHH000204: Processing PersistenceUnitInfo [name: default]
2026-03-25 22:32:42.346  INFO 2914 --- [           main] org.hibernate.dialect.Dialect            : HHH000400: Using dialect: org.hibernate.dialect.H2Dialect
2026-03-25 22:32:42.368  INFO 2914 --- [           main] o.h.e.t.j.p.i.JtaPlatformInitiator       : HHH000490: Using JtaPlatform implementation: [org.hibernate.engine.transaction.jta.platform.internal.NoJtaPlatform]
2026-03-25 22:32:42.368  INFO 2914 --- [           main] j.LocalContainerEntityManagerFactoryBean : Initialized JPA EntityManagerFactory for persistence unit 'default'
2026-03-25 22:32:42.437  WARN 2914 --- [           main] JpaBaseConfiguration$JpaWebConfiguration : spring.jpa.open-in-view is enabled by default. Therefore, database queries may be performed during view rendering. Explicitly configure spring.jpa.open-in-view to disable this warning
2026-03-25 22:32:42.478  INFO 2914 --- [           main] o.s.s.concurrent.ThreadPoolTaskExecutor  : Initializing ExecutorService 'applicationTaskExecutor'
2026-03-25 22:32:42.583  INFO 2914 --- [           main] o.s.b.a.e.web.EndpointLinksResolver      : Exposing 2 endpoint(s) beneath base path '/actuator'
2026-03-25 22:32:42.595  INFO 2914 --- [           main] com.fdmgroup.RealEstateApp.BidTests      : Started BidTests in 0.373 seconds (JVM running for 15.016)
2026-03-25 22:32:42.598  INFO 2914 --- [           main] o.s.s.concurrent.ThreadPoolTaskExecutor  : Shutting down ExecutorService 'applicationTaskExecutor'
2026-03-25 22:32:42.599  INFO 2914 --- [           main] j.LocalContainerEntityManagerFactoryBean : Closing JPA EntityManagerFactory for persistence unit 'default'
2026-03-25 22:32:42.599  INFO 2914 --- [           main] .SchemaDropperImpl$DelayedDropActionImpl : HHH000477: Starting delayed evictData of schema as part of SessionFactory shut-down'
2026-03-25 22:32:42.600  INFO 2914 --- [           main] com.zaxxer.hikari.HikariDataSource       : HikariPool-22 - Shutdown initiated...
2026-03-25 22:32:42.600  INFO 2914 --- [           main] com.zaxxer.hikari.HikariDataSource       : HikariPool-22 - Shutdown completed.
]]></system-out>
  </testcase>
  <testcase name="testFindAllBids" classname="com.fdmgroup.RealEstateApp.BidTests" time="0.005">
    <failure message="expected: &lt;true&gt; but was: &lt;false&gt;" type="org.opentest4j.AssertionFailedError"><![CDATA[org.opentest4j.AssertionFailedError: expected: <true> but was: <false>
	at com.fdmgroup.RealEstateApp.BidTests.testFindAllBids(BidTests.java:82)
]]></failure>
    <system-out><![CDATA[
  .   ____          _            __ _ _
 /\\ / ___'_ __ _ _(_)_ __  __ _ \ \ \ \
( ( )\___ | '_ | '_| | '_ \/ _` | \ \ \ \
 \\/  ___)| |_)| | | | | || (_| |  ) ) ) )
  '  |____| .__|_| |_|_| |_\__, | / / / /
 =========|_|==============|___/=/_/_/_/
 :: Spring Boot ::                (v2.4.4)

2026-03-25 22:32:42.607  INFO 2914 --- [           main] com.fdmgroup.RealEstateApp.BidTests      : Starting BidTests using Java 25 on Cristian-Beniamins-MacBook-Pro.local with PID 2914 (started by cristian-beniaminbalau in /Users/cristian-beniaminbalau/Desktop/RealEstateProject)
2026-03-25 22:32:42.607  INFO 2914 --- [           main] com.fdmgroup.RealEstateApp.BidTests      : No active profile set, falling back to default profiles: default
2026-03-25 22:32:42.682  INFO 2914 --- [           main] .s.d.r.c.RepositoryConfigurationDelegate : Bootstrapping Spring Data JPA repositories in DEFAULT mode.
2026-03-25 22:32:42.686  INFO 2914 --- [           main] .s.d.r.c.RepositoryConfigurationDelegate : Finished Spring Data repository scanning in 3 ms. Found 3 JPA repository interfaces.
2026-03-25 22:32:42.719  INFO 2914 --- [           main] com.zaxxer.hikari.HikariDataSource       : HikariPool-23 - Starting...
2026-03-25 22:32:42.720  INFO 2914 --- [           main] com.zaxxer.hikari.HikariDataSource       : HikariPool-23 - Start completed.
2026-03-25 22:32:42.725  INFO 2914 --- [           main] o.hibernate.jpa.internal.util.LogHelper  : HHH000204: Processing PersistenceUnitInfo [name: default]
2026-03-25 22:32:42.727  INFO 2914 --- [           main] org.hibernate.dialect.Dialect            : HHH000400: Using dialect: org.hibernate.dialect.H2Dialect
2026-03-25 22:32:42.760  INFO 2914 --- [           main] o.h.e.t.j.p.i.JtaPlatformInitiator       : HHH000490: Using JtaPlatform implementation: [org.hibernate.engine.transaction.jta.platform.internal.NoJtaPlatform]
2026-03-25 22:32:42.761  INFO 2914 --- [           main] j.LocalContainerEntityManagerFactoryBean : Initialized JPA EntityManagerFactory for persistence unit 'default'
2026-03-25 22:32:42.841  WARN 2914 --- [           main] JpaBaseConfiguration$JpaWebConfiguration : spring.jpa.open-in-view is enabled by default. Therefore, database queries may be performed during view rendering. Explicitly configure spring.jpa.open-in-view to disable this warning
2026-03-25 22:32:42.884  INFO 2914 --- [           main] o.s.s.concurrent.ThreadPoolTaskExecutor  : Initializing ExecutorService 'applicationTaskExecutor'
2026-03-25 22:32:42.985  INFO 2914 --- [           main] o.s.b.a.e.web.EndpointLinksResolver      : Exposing 2 endpoint(s) beneath base path '/actuator'
2026-03-25 22:32:42.996  INFO 2914 --- [           main] com.fdmgroup.RealEstateApp.BidTests      : Started BidTests in 0.394 seconds (JVM running for 15.418)
2026-03-25 22:32:43.000  INFO 2914 --- [           main] o.s.s.concurrent.ThreadPoolTaskExecutor  : Shutting down ExecutorService 'applicationTaskExecutor'
2026-03-25 22:32:43.001  INFO 2914 --- [           main] j.LocalContainerEntityManagerFactoryBean : Closing JPA EntityManagerFactory for persistence unit 'default'
2026-03-25 22:32:43.001  INFO 2914 --- [           main] .SchemaDropperImpl$DelayedDropActionImpl : HHH000477: Starting delayed evictData of schema as part of SessionFactory shut-down'
2026-03-25 22:32:43.001  INFO 2914 --- [           main] com.zaxxer.hikari.HikariDataSource       : HikariPool-23 - Shutdown initiated...
2026-03-25 22:32:43.002  INFO 2914 --- [           main] com.zaxxer.hikari.HikariDataSource       : HikariPool-23 - Shutdown completed.
]]></system-out>
  </testcase>
  <testcase name="testFindBidByBidAmount" classname="com.fdmgroup.RealEstateApp.BidTests" time="0.006">
    <error message="Cannot invoke &quot;com.fdmgroup.RealEstateApp.model.Bid.getBidStatus()&quot; because &quot;bid&quot; is null" type="java.lang.NullPointerException">java.lang.NullPointerException: Cannot invoke "com.fdmgroup.RealEstateApp.model.Bid.getBidStatus()" because "bid" is null
	at com.fdmgroup.RealEstateApp.BidTests.testFindBidByBidAmount(BidTests.java:69)
</error>
    <system-out><![CDATA[
  .   ____          _            __ _ _
 /\\ / ___'_ __ _ _(_)_ __  __ _ \ \ \ \
( ( )\___ | '_ | '_| | '_ \/ _` | \ \ \ \
 \\/  ___)| |_)| | | | | || (_| |  ) ) ) )
  '  |____| .__|_| |_|_| |_\__, | / / / /
 =========|_|==============|___/=/_/_/_/
 :: Spring Boot ::                (v2.4.4)

2026-03-25 22:32:43.009  INFO 2914 --- [           main] com.fdmgroup.RealEstateApp.BidTests      : Starting BidTests using Java 25 on Cristian-Beniamins-MacBook-Pro.local with PID 2914 (started by cristian-beniaminbalau in /Users/cristian-beniaminbalau/Desktop/RealEstateProject)
2026-03-25 22:32:43.009  INFO 2914 --- [           main] com.fdmgroup.RealEstateApp.BidTests      : No active profile set, falling back to default profiles: default
2026-03-25 22:32:43.085  INFO 2914 --- [           main] .s.d.r.c.RepositoryConfigurationDelegate : Bootstrapping Spring Data JPA repositories in DEFAULT mode.
2026-03-25 22:32:43.089  INFO 2914 --- [           main] .s.d.r.c.RepositoryConfigurationDelegate : Finished Spring Data repository scanning in 4 ms. Found 3 JPA repository interfaces.
2026-03-25 22:32:43.123  INFO 2914 --- [           main] com.zaxxer.hikari.HikariDataSource       : HikariPool-24 - Starting...
2026-03-25 22:32:43.124  INFO 2914 --- [           main] com.zaxxer.hikari.HikariDataSource       : HikariPool-24 - Start completed.
2026-03-25 22:32:43.129  INFO 2914 --- [           main] o.hibernate.jpa.internal.util.LogHelper  : HHH000204: Processing PersistenceUnitInfo [name: default]
2026-03-25 22:32:43.132  INFO 2914 --- [           main] org.hibernate.dialect.Dialect            : HHH000400: Using dialect: org.hibernate.dialect.H2Dialect
2026-03-25 22:32:43.154  INFO 2914 --- [           main] o.h.e.t.j.p.i.JtaPlatformInitiator       : HHH000490: Using JtaPlatform implementation: [org.hibernate.engine.transaction.jta.platform.internal.NoJtaPlatform]
2026-03-25 22:32:43.154  INFO 2914 --- [           main] j.LocalContainerEntityManagerFactoryBean : Initialized JPA EntityManagerFactory for persistence unit 'default'
2026-03-25 22:32:43.223  WARN 2914 --- [           main] JpaBaseConfiguration$JpaWebConfiguration : spring.jpa.open-in-view is enabled by default. Therefore, database queries may be performed during view rendering. Explicitly configure spring.jpa.open-in-view to disable this warning
2026-03-25 22:32:43.264  INFO 2914 --- [           main] o.s.s.concurrent.ThreadPoolTaskExecutor  : Initializing ExecutorService 'applicationTaskExecutor'
2026-03-25 22:32:43.372  INFO 2914 --- [           main] o.s.b.a.e.web.EndpointLinksResolver      : Exposing 2 endpoint(s) beneath base path '/actuator'
2026-03-25 22:32:43.382  INFO 2914 --- [           main] com.fdmgroup.RealEstateApp.BidTests      : Started BidTests in 0.378 seconds (JVM running for 15.803)
2026-03-25 22:32:43.387  INFO 2914 --- [           main] o.s.s.concurrent.ThreadPoolTaskExecutor  : Shutting down ExecutorService 'applicationTaskExecutor'
2026-03-25 22:32:43.387  INFO 2914 --- [           main] j.LocalContainerEntityManagerFactoryBean : Closing JPA EntityManagerFactory for persistence unit 'default'
2026-03-25 22:32:43.387  INFO 2914 --- [           main] .SchemaDropperImpl$DelayedDropActionImpl : HHH000477: Starting delayed evictData of schema as part of SessionFactory shut-down'
2026-03-25 22:32:43.388  INFO 2914 --- [           main] com.zaxxer.hikari.HikariDataSource       : HikariPool-24 - Shutdown initiated...
2026-03-25 22:32:43.388  INFO 2914 --- [           main] com.zaxxer.hikari.HikariDataSource       : HikariPool-24 - Shutdown completed.
]]></system-out>
  </testcase>
  <testcase name="testSetBidStatus" classname="com.fdmgroup.RealEstateApp.BidTests" time="0.004">
    <error message="No value present" type="java.util.NoSuchElementException">java.util.NoSuchElementException: No value present
	at com.fdmgroup.RealEstateApp.BidTests.testSetBidStatus(BidTests.java:48)
</error>
    <system-out><![CDATA[
  .   ____          _            __ _ _
 /\\ / ___'_ __ _ _(_)_ __  __ _ \ \ \ \
( ( )\___ | '_ | '_| | '_ \/ _` | \ \ \ \
 \\/  ___)| |_)| | | | | || (_| |  ) ) ) )
  '  |____| .__|_| |_|_| |_\__, | / / / /
 =========|_|==============|___/=/_/_/_/
 :: Spring Boot ::                (v2.4.4)

2026-03-25 22:32:43.395  INFO 2914 --- [           main] com.fdmgroup.RealEstateApp.BidTests      : Starting BidTests using Java 25 on Cristian-Beniamins-MacBook-Pro.local with PID 2914 (started by cristian-beniaminbalau in /Users/cristian-beniaminbalau/Desktop/RealEstateProject)
2026-03-25 22:32:43.395  INFO 2914 --- [           main] com.fdmgroup.RealEstateApp.BidTests      : No active profile set, falling back to default profiles: default
2026-03-25 22:32:43.467  INFO 2914 --- [           main] .s.d.r.c.RepositoryConfigurationDelegate : Bootstrapping Spring Data JPA repositories in DEFAULT mode.
2026-03-25 22:32:43.471  INFO 2914 --- [           main] .s.d.r.c.RepositoryConfigurationDelegate : Finished Spring Data repository scanning in 4 ms. Found 3 JPA repository interfaces.
2026-03-25 22:32:43.503  INFO 2914 --- [           main] com.zaxxer.hikari.HikariDataSource       : HikariPool-25 - Starting...
2026-03-25 22:32:43.504  INFO 2914 --- [           main] com.zaxxer.hikari.HikariDataSource       : HikariPool-25 - Start completed.
2026-03-25 22:32:43.509  INFO 2914 --- [           main] o.hibernate.jpa.internal.util.LogHelper  : HHH000204: Processing PersistenceUnitInfo [name: default]
2026-03-25 22:32:43.510  INFO 2914 --- [           main] org.hibernate.dialect.Dialect            : HHH000400: Using dialect: org.hibernate.dialect.H2Dialect
2026-03-25 22:32:43.531  INFO 2914 --- [           main] o.h.e.t.j.p.i.JtaPlatformInitiator       : HHH000490: Using JtaPlatform implementation: [org.hibernate.engine.transaction.jta.platform.internal.NoJtaPlatform]
2026-03-25 22:32:43.532  INFO 2914 --- [           main] j.LocalContainerEntityManagerFactoryBean : Initialized JPA EntityManagerFactory for persistence unit 'default'
2026-03-25 22:32:43.599  WARN 2914 --- [           main] JpaBaseConfiguration$JpaWebConfiguration : spring.jpa.open-in-view is enabled by default. Therefore, database queries may be performed during view rendering. Explicitly configure spring.jpa.open-in-view to disable this warning
2026-03-25 22:32:43.638  INFO 2914 --- [           main] o.s.s.concurrent.ThreadPoolTaskExecutor  : Initializing ExecutorService 'applicationTaskExecutor'
2026-03-25 22:32:43.737  INFO 2914 --- [           main] o.s.b.a.e.web.EndpointLinksResolver      : Exposing 2 endpoint(s) beneath base path '/actuator'
2026-03-25 22:32:43.748  INFO 2914 --- [           main] com.fdmgroup.RealEstateApp.BidTests      : Started BidTests in 0.359 seconds (JVM running for 16.17)
2026-03-25 22:32:43.752  INFO 2914 --- [           main] o.s.s.concurrent.ThreadPoolTaskExecutor  : Shutting down ExecutorService 'applicationTaskExecutor'
2026-03-25 22:32:43.752  INFO 2914 --- [           main] j.LocalContainerEntityManagerFactoryBean : Closing JPA EntityManagerFactory for persistence unit 'default'
2026-03-25 22:32:43.752  INFO 2914 --- [           main] .SchemaDropperImpl$DelayedDropActionImpl : HHH000477: Starting delayed evictData of schema as part of SessionFactory shut-down'
2026-03-25 22:32:43.753  INFO 2914 --- [           main] com.zaxxer.hikari.HikariDataSource       : HikariPool-25 - Shutdown initiated...
2026-03-25 22:32:43.754  INFO 2914 --- [           main] com.zaxxer.hikari.HikariDataSource       : HikariPool-25 - Shutdown completed.
]]></system-out>
  </testcase>
  <testcase name="testSetPropertyId" classname="com.fdmgroup.RealEstateApp.BidTests" time="0.005">
    <error message="No value present" type="java.util.NoSuchElementException">java.util.NoSuchElementException: No value present
	at com.fdmgroup.RealEstateApp.BidTests.testSetPropertyId(BidTests.java:55)
</error>
    <system-out><![CDATA[
  .   ____          _            __ _ _
 /\\ / ___'_ __ _ _(_)_ __  __ _ \ \ \ \
( ( )\___ | '_ | '_| | '_ \/ _` | \ \ \ \
 \\/  ___)| |_)| | | | | || (_| |  ) ) ) )
  '  |____| .__|_| |_|_| |_\__, | / / / /
 =========|_|==============|___/=/_/_/_/
 :: Spring Boot ::                (v2.4.4)

2026-03-25 22:32:43.761  INFO 2914 --- [           main] com.fdmgroup.RealEstateApp.BidTests      : Starting BidTests using Java 25 on Cristian-Beniamins-MacBook-Pro.local with PID 2914 (started by cristian-beniaminbalau in /Users/cristian-beniaminbalau/Desktop/RealEstateProject)
2026-03-25 22:32:43.761  INFO 2914 --- [           main] com.fdmgroup.RealEstateApp.BidTests      : No active profile set, falling back to default profiles: default
2026-03-25 22:32:43.840  INFO 2914 --- [           main] .s.d.r.c.RepositoryConfigurationDelegate : Bootstrapping Spring Data JPA repositories in DEFAULT mode.
2026-03-25 22:32:43.844  INFO 2914 --- [           main] .s.d.r.c.RepositoryConfigurationDelegate : Finished Spring Data repository scanning in 3 ms. Found 3 JPA repository interfaces.
2026-03-25 22:32:43.876  INFO 2914 --- [           main] com.zaxxer.hikari.HikariDataSource       : HikariPool-26 - Starting...
2026-03-25 22:32:43.877  INFO 2914 --- [           main] com.zaxxer.hikari.HikariDataSource       : HikariPool-26 - Start completed.
2026-03-25 22:32:43.881  INFO 2914 --- [           main] o.hibernate.jpa.internal.util.LogHelper  : HHH000204: Processing PersistenceUnitInfo [name: default]
2026-03-25 22:32:43.883  INFO 2914 --- [           main] org.hibernate.dialect.Dialect            : HHH000400: Using dialect: org.hibernate.dialect.H2Dialect
2026-03-25 22:32:43.906  INFO 2914 --- [           main] o.h.e.t.j.p.i.JtaPlatformInitiator       : HHH000490: Using JtaPlatform implementation: [org.hibernate.engine.transaction.jta.platform.internal.NoJtaPlatform]
2026-03-25 22:32:43.906  INFO 2914 --- [           main] j.LocalContainerEntityManagerFactoryBean : Initialized JPA EntityManagerFactory for persistence unit 'default'
2026-03-25 22:32:43.977  WARN 2914 --- [           main] JpaBaseConfiguration$JpaWebConfiguration : spring.jpa.open-in-view is enabled by default. Therefore, database queries may be performed during view rendering. Explicitly configure spring.jpa.open-in-view to disable this warning
2026-03-25 22:32:44.018  INFO 2914 --- [           main] o.s.s.concurrent.ThreadPoolTaskExecutor  : Initializing ExecutorService 'applicationTaskExecutor'
2026-03-25 22:32:44.131  INFO 2914 --- [           main] o.s.b.a.e.web.EndpointLinksResolver      : Exposing 2 endpoint(s) beneath base path '/actuator'
2026-03-25 22:32:44.143  INFO 2914 --- [           main] com.fdmgroup.RealEstateApp.BidTests      : Started BidTests in 0.388 seconds (JVM running for 16.564)
2026-03-25 22:32:44.146  INFO 2914 --- [           main] o.s.s.concurrent.ThreadPoolTaskExecutor  : Shutting down ExecutorService 'applicationTaskExecutor'
2026-03-25 22:32:44.147  INFO 2914 --- [           main] j.LocalContainerEntityManagerFactoryBean : Closing JPA EntityManagerFactory for persistence unit 'default'
2026-03-25 22:32:44.147  INFO 2914 --- [           main] .SchemaDropperImpl$DelayedDropActionImpl : HHH000477: Starting delayed evictData of schema as part of SessionFactory shut-down'
2026-03-25 22:32:44.148  INFO 2914 --- [           main] com.zaxxer.hikari.HikariDataSource       : HikariPool-26 - Shutdown initiated...
2026-03-25 22:32:44.148  INFO 2914 --- [           main] com.zaxxer.hikari.HikariDataSource       : HikariPool-26 - Shutdown completed.
]]></system-out>
  </testcase>
  <testcase name="testSetBidDate" classname="com.fdmgroup.RealEstateApp.BidTests" time="0.006">
    <error message="No value present" type="java.util.NoSuchElementException">java.util.NoSuchElementException: No value present
	at com.fdmgroup.RealEstateApp.BidTests.testSetBidDate(BidTests.java:62)
</error>
    <system-out><![CDATA[
  .   ____          _            __ _ _
 /\\ / ___'_ __ _ _(_)_ __  __ _ \ \ \ \
( ( )\___ | '_ | '_| | '_ \/ _` | \ \ \ \
 \\/  ___)| |_)| | | | | || (_| |  ) ) ) )
  '  |____| .__|_| |_|_| |_\__, | / / / /
 =========|_|==============|___/=/_/_/_/
 :: Spring Boot ::                (v2.4.4)

2026-03-25 22:32:44.157  INFO 2914 --- [           main] com.fdmgroup.RealEstateApp.BidTests      : Starting BidTests using Java 25 on Cristian-Beniamins-MacBook-Pro.local with PID 2914 (started by cristian-beniaminbalau in /Users/cristian-beniaminbalau/Desktop/RealEstateProject)
2026-03-25 22:32:44.157  INFO 2914 --- [           main] com.fdmgroup.RealEstateApp.BidTests      : No active profile set, falling back to default profiles: default
2026-03-25 22:32:44.229  INFO 2914 --- [           main] .s.d.r.c.RepositoryConfigurationDelegate : Bootstrapping Spring Data JPA repositories in DEFAULT mode.
2026-03-25 22:32:44.233  INFO 2914 --- [           main] .s.d.r.c.RepositoryConfigurationDelegate : Finished Spring Data repository scanning in 3 ms. Found 3 JPA repository interfaces.
2026-03-25 22:32:44.261  INFO 2914 --- [           main] com.zaxxer.hikari.HikariDataSource       : HikariPool-27 - Starting...
2026-03-25 22:32:44.263  INFO 2914 --- [           main] com.zaxxer.hikari.HikariDataSource       : HikariPool-27 - Start completed.
2026-03-25 22:32:44.266  INFO 2914 --- [           main] o.hibernate.jpa.internal.util.LogHelper  : HHH000204: Processing PersistenceUnitInfo [name: default]
2026-03-25 22:32:44.268  INFO 2914 --- [           main] org.hibernate.dialect.Dialect            : HHH000400: Using dialect: org.hibernate.dialect.H2Dialect
2026-03-25 22:32:44.289  INFO 2914 --- [           main] o.h.e.t.j.p.i.JtaPlatformInitiator       : HHH000490: Using JtaPlatform implementation: [org.hibernate.engine.transaction.jta.platform.internal.NoJtaPlatform]
2026-03-25 22:32:44.289  INFO 2914 --- [           main] j.LocalContainerEntityManagerFactoryBean : Initialized JPA EntityManagerFactory for persistence unit 'default'
2026-03-25 22:32:44.363  WARN 2914 --- [           main] JpaBaseConfiguration$JpaWebConfiguration : spring.jpa.open-in-view is enabled by default. Therefore, database queries may be performed during view rendering. Explicitly configure spring.jpa.open-in-view to disable this warning
2026-03-25 22:32:44.420  INFO 2914 --- [           main] o.s.s.concurrent.ThreadPoolTaskExecutor  : Initializing ExecutorService 'applicationTaskExecutor'
2026-03-25 22:32:44.516  INFO 2914 --- [           main] o.s.b.a.e.web.EndpointLinksResolver      : Exposing 2 endpoint(s) beneath base path '/actuator'
2026-03-25 22:32:44.527  INFO 2914 --- [           main] com.fdmgroup.RealEstateApp.BidTests      : Started BidTests in 0.377 seconds (JVM running for 16.948)
2026-03-25 22:32:44.531  INFO 2914 --- [           main] o.s.s.concurrent.ThreadPoolTaskExecutor  : Shutting down ExecutorService 'applicationTaskExecutor'
2026-03-25 22:32:44.531  INFO 2914 --- [           main] j.LocalContainerEntityManagerFactoryBean : Closing JPA EntityManagerFactory for persistence unit 'default'
2026-03-25 22:32:44.532  INFO 2914 --- [           main] .SchemaDropperImpl$DelayedDropActionImpl : HHH000477: Starting delayed evictData of schema as part of SessionFactory shut-down'
2026-03-25 22:32:44.533  INFO 2914 --- [           main] com.zaxxer.hikari.HikariDataSource       : HikariPool-27 - Shutdown initiated...
2026-03-25 22:32:44.533  INFO 2914 --- [           main] com.zaxxer.hikari.HikariDataSource       : HikariPool-27 - Shutdown completed.
]]></system-out>
  </testcase>
</testsuite>