<?xml version="1.0" encoding="UTF-8"?>
<testsuite xmlns:xsi="http://www.w3.org/2001/XMLSchema-instance" xsi:noNamespaceSchemaLocation="https://maven.apache.org/surefire/maven-surefire-plugin/xsd/surefire-test-report.xsd" name="com.fdmgroup.RealEstateApp.PropertyTests" time="12.525" tests="17" errors="12" skipped="0" failures="1">
  <properties>
[...]
</properties>
  <testcase name="testPropertyAddBids" classname="com.fdmgroup.RealEstateApp.PropertyTests" time="0.16"/>
  <testcase name="testUpdatePropertyTransactionStatus" classname="com.fdmgroup.RealEstateApp.PropertyTests" time="0.018">
    <error message="Cannot invoke &quot;com.fdmgroup.RealEstateApp.model.Property.setTransactionStatus(com.fdmgroup.RealEstateApp.model.TransactionStatus)&quot; because &quot;property&quot; is null" type="java.lang.NullPointerException">java.lang.NullPointerException: Cannot invoke "com.fdmgroup.RealEstateApp.model.Property.setTransactionStatus(com.fdmgroup.RealEstateApp.model.TransactionStatus)" because "property" is null
	at com.fdmgroup.RealEstateApp.PropertyTests.testUpdatePropertyTransactionStatus(PropertyTests.java:112)
</error>
    <system-out><![CDATA[
  .   ____          _            __ _ _
 /\\ / ___'_ __ _ _(_)_ __  __ _ \ \ \ \
( ( )\___ | '_ | '_| | '_ \/ _` | \ \ \ \
 \\/  ___)| |_)| | | | | || (_| |  ) ) ) )
  '  |____| .__|_| |_|_| |_\__, | / / / /
 =========|_|==============|___/=/_/_/_/
 :: Spring Boot ::                (v2.4.4)

2026-03-25 22:32:32.345  INFO 2914 --- [           main] c.fdmgroup.RealEstateApp.PropertyTests   : Starting PropertyTests using Java 25 on Cristian-Beniamins-MacBook-Pro.local with PID 2914 (started by cristian-beniaminbalau in /Users/cristian-beniaminbalau/Desktop/RealEstateProject)
2026-03-25 22:32:32.346  INFO 2914 --- [           main] c.fdmgroup.RealEstateApp.PropertyTests   : No active profile set, falling back to default profiles: default
2026-03-25 22:32:32.504  INFO 2914 --- [           main] .s.d.r.c.RepositoryConfigurationDelegate : Bootstrapping Spring Data JPA repositories in DEFAULT mode.
2026-03-25 22:32:32.510  INFO 2914 --- [           main] .s.d.r.c.RepositoryConfigurationDelegate : Finished Spring Data repository scanning in 5 ms. Found 3 JPA repository interfaces.
2026-03-25 22:32:32.580  INFO 2914 --- [           main] com.zaxxer.hikari.HikariDataSource       : HikariPool-2 - Starting...
2026-03-25 22:32:32.583  INFO 2914 --- [           main] com.zaxxer.hikari.HikariDataSource       : HikariPool-2 - Start completed.
2026-03-25 22:32:32.590  INFO 2914 --- [           main] o.hibernate.jpa.internal.util.LogHelper  : HHH000204: Processing PersistenceUnitInfo [name: default]
2026-03-25 22:32:32.592  INFO 2914 --- [           main] org.hibernate.dialect.Dialect            : HHH000400: Using dialect: org.hibernate.dialect.H2Dialect
2026-03-25 22:32:32.654  INFO 2914 --- [           main] o.h.e.t.j.p.i.JtaPlatformInitiator       : HHH000490: Using JtaPlatform implementation: [org.hibernate.engine.transaction.jta.platform.internal.NoJtaPlatform]
2026-03-25 22:32:32.654  INFO 2914 --- [           main] j.LocalContainerEntityManagerFactoryBean : Initialized JPA EntityManagerFactory for persistence unit 'default'
2026-03-25 22:32:32.777  WARN 2914 --- [           main] JpaBaseConfiguration$JpaWebConfiguration : spring.jpa.open-in-view is enabled by default. Therefore, database queries may be performed during view rendering. Explicitly configure spring.jpa.open-in-view to disable this warning
2026-03-25 22:32:32.857  INFO 2914 --- [           main] o.s.s.concurrent.ThreadPoolTaskExecutor  : Initializing ExecutorService 'applicationTaskExecutor'
2026-03-25 22:32:33.003  INFO 2914 --- [           main] o.s.b.a.e.web.EndpointLinksResolver      : Exposing 2 endpoint(s) beneath base path '/actuator'
2026-03-25 22:32:33.022  INFO 2914 --- [           main] c.fdmgroup.RealEstateApp.PropertyTests   : Started PropertyTests in 0.707 seconds (JVM running for 5.444)
2026-03-25 22:32:33.031  INFO 2914 --- [           main] o.s.s.concurrent.ThreadPoolTaskExecutor  : Shutting down ExecutorService 'applicationTaskExecutor'
2026-03-25 22:32:33.033  INFO 2914 --- [           main] j.LocalContainerEntityManagerFactoryBean : Closing JPA EntityManagerFactory for persistence unit 'default'
2026-03-25 22:32:33.033  INFO 2914 --- [           main] .SchemaDropperImpl$DelayedDropActionImpl : HHH000477: Starting delayed evictData of schema as part of SessionFactory shut-down'
2026-03-25 22:32:33.036  INFO 2914 --- [           main] com.zaxxer.hikari.HikariDataSource       : HikariPool-2 - Shutdown initiated...
2026-03-25 22:32:33.037  INFO 2914 --- [           main] com.zaxxer.hikari.HikariDataSource       : HikariPool-2 - Shutdown completed.
]]></system-out>
  </testcase>
  <testcase name="testUpdateProperty" classname="com.fdmgroup.RealEstateApp.PropertyTests" time="0.01">
    <error message="Cannot invoke &quot;com.fdmgroup.RealEstateApp.model.Property.setPropertyAddress(String)&quot; because &quot;property&quot; is null" type="java.lang.NullPointerException">java.lang.NullPointerException: Cannot invoke "com.fdmgroup.RealEstateApp.model.Property.setPropertyAddress(String)" because "property" is null
	at com.fdmgroup.RealEstateApp.PropertyTests.testUpdateProperty(PropertyTests.java:145)
</error>
    <system-out><![CDATA[
  .   ____          _            __ _ _
 /\\ / ___'_ __ _ _(_)_ __  __ _ \ \ \ \
( ( )\___ | '_ | '_| | '_ \/ _` | \ \ \ \
 \\/  ___)| |_)| | | | | || (_| |  ) ) ) )
  '  |____| .__|_| |_|_| |_\__, | / / / /
 =========|_|==============|___/=/_/_/_/
 :: Spring Boot ::                (v2.4.4)

2026-03-25 22:32:33.056  INFO 2914 --- [           main] c.fdmgroup.RealEstateApp.PropertyTests   : Starting PropertyTests using Java 25 on Cristian-Beniamins-MacBook-Pro.local with PID 2914 (started by cristian-beniaminbalau in /Users/cristian-beniaminbalau/Desktop/RealEstateProject)
2026-03-25 22:32:33.056  INFO 2914 --- [           main] c.fdmgroup.RealEstateApp.PropertyTests   : No active profile set, falling back to default profiles: default
2026-03-25 22:32:33.180  INFO 2914 --- [           main] .s.d.r.c.RepositoryConfigurationDelegate : Bootstrapping Spring Data JPA repositories in DEFAULT mode.
2026-03-25 22:32:33.186  INFO 2914 --- [           main] .s.d.r.c.RepositoryConfigurationDelegate : Finished Spring Data repository scanning in 5 ms. Found 3 JPA repository interfaces.
2026-03-25 22:32:33.246  INFO 2914 --- [           main] com.zaxxer.hikari.HikariDataSource       : HikariPool-3 - Starting...
2026-03-25 22:32:33.248  INFO 2914 --- [           main] com.zaxxer.hikari.HikariDataSource       : HikariPool-3 - Start completed.
2026-03-25 22:32:33.256  INFO 2914 --- [           main] o.hibernate.jpa.internal.util.LogHelper  : HHH000204: Processing PersistenceUnitInfo [name: default]
2026-03-25 22:32:33.259  INFO 2914 --- [           main] org.hibernate.dialect.Dialect            : HHH000400: Using dialect: org.hibernate.dialect.H2Dialect
2026-03-25 22:32:33.307  INFO 2914 --- [           main] o.h.e.t.j.p.i.JtaPlatformInitiator       : HHH000490: Using JtaPlatform implementation: [org.hibernate.engine.transaction.jta.platform.internal.NoJtaPlatform]
2026-03-25 22:32:33.308  INFO 2914 --- [           main] j.LocalContainerEntityManagerFactoryBean : Initialized JPA EntityManagerFactory for persistence unit 'default'
2026-03-25 22:32:33.435  WARN 2914 --- [           main] JpaBaseConfiguration$JpaWebConfiguration : spring.jpa.open-in-view is enabled by default. Therefore, database queries may be performed during view rendering. Explicitly configure spring.jpa.open-in-view to disable this warning
2026-03-25 22:32:33.507  INFO 2914 --- [           main] o.s.s.concurrent.ThreadPoolTaskExecutor  : Initializing ExecutorService 'applicationTaskExecutor'
2026-03-25 22:32:33.650  INFO 2914 --- [           main] o.s.b.a.e.web.EndpointLinksResolver      : Exposing 2 endpoint(s) beneath base path '/actuator'
2026-03-25 22:32:33.668  INFO 2914 --- [           main] c.fdmgroup.RealEstateApp.PropertyTests   : Started PropertyTests in 0.625 seconds (JVM running for 6.09)
2026-03-25 22:32:33.675  INFO 2914 --- [           main] o.s.s.concurrent.ThreadPoolTaskExecutor  : Shutting down ExecutorService 'applicationTaskExecutor'
2026-03-25 22:32:33.676  INFO 2914 --- [           main] j.LocalContainerEntityManagerFactoryBean : Closing JPA EntityManagerFactory for persistence unit 'default'
2026-03-25 22:32:33.676  INFO 2914 --- [           main] .SchemaDropperImpl$DelayedDropActionImpl : HHH000477: Starting delayed evictData of schema as part of SessionFactory shut-down'
2026-03-25 22:32:33.678  INFO 2914 --- [           main] com.zaxxer.hikari.HikariDataSource       : HikariPool-3 - Shutdown initiated...
2026-03-25 22:32:33.679  INFO 2914 --- [           main] com.zaxxer.hikari.HikariDataSource       : HikariPool-3 - Shutdown completed.
]]></system-out>
  </testcase>
  <testcase name="testUpdatePropertyDescription" classname="com.fdmgroup.RealEstateApp.PropertyTests" time="0.009">
    <error message="Cannot invoke &quot;com.fdmgroup.RealEstateApp.model.Property.setPropertyDescription(String)&quot; because &quot;property&quot; is null" type="java.lang.NullPointerException">java.lang.NullPointerException: Cannot invoke "com.fdmgroup.RealEstateApp.model.Property.setPropertyDescription(String)" because "property" is null
	at com.fdmgroup.RealEstateApp.PropertyTests.testUpdatePropertyDescription(PropertyTests.java:80)
</error>
    <system-out><![CDATA[
  .   ____          _            __ _ _
 /\\ / ___'_ __ _ _(_)_ __  __ _ \ \ \ \
( ( )\___ | '_ | '_| | '_ \/ _` | \ \ \ \
 \\/  ___)| |_)| | | | | || (_| |  ) ) ) )
  '  |____| .__|_| |_|_| |_\__, | / / / /
 =========|_|==============|___/=/_/_/_/
 :: Spring Boot ::                (v2.4.4)

2026-03-25 22:32:33.693  INFO 2914 --- [           main] c.fdmgroup.RealEstateApp.PropertyTests   : Starting PropertyTests using Java 25 on Cristian-Beniamins-MacBook-Pro.local with PID 2914 (started by cristian-beniaminbalau in /Users/cristian-beniaminbalau/Desktop/RealEstateProject)
2026-03-25 22:32:33.693  INFO 2914 --- [           main] c.fdmgroup.RealEstateApp.PropertyTests   : No active profile set, falling back to default profiles: default
2026-03-25 22:32:33.807  INFO 2914 --- [           main] .s.d.r.c.RepositoryConfigurationDelegate : Bootstrapping Spring Data JPA repositories in DEFAULT mode.
2026-03-25 22:32:33.812  INFO 2914 --- [           main] .s.d.r.c.RepositoryConfigurationDelegate : Finished Spring Data repository scanning in 4 ms. Found 3 JPA repository interfaces.
2026-03-25 22:32:33.871  INFO 2914 --- [           main] com.zaxxer.hikari.HikariDataSource       : HikariPool-4 - Starting...
2026-03-25 22:32:33.875  INFO 2914 --- [           main] com.zaxxer.hikari.HikariDataSource       : HikariPool-4 - Start completed.
2026-03-25 22:32:33.896  INFO 2914 --- [           main] o.hibernate.jpa.internal.util.LogHelper  : HHH000204: Processing PersistenceUnitInfo [name: default]
2026-03-25 22:32:33.899  INFO 2914 --- [           main] org.hibernate.dialect.Dialect            : HHH000400: Using dialect: org.hibernate.dialect.H2Dialect
2026-03-25 22:32:33.943  INFO 2914 --- [           main] o.h.e.t.j.p.i.JtaPlatformInitiator       : HHH000490: Using JtaPlatform implementation: [org.hibernate.engine.transaction.jta.platform.internal.NoJtaPlatform]
2026-03-25 22:32:33.943  INFO 2914 --- [           main] j.LocalContainerEntityManagerFactoryBean : Initialized JPA EntityManagerFactory for persistence unit 'default'
2026-03-25 22:32:34.050  WARN 2914 --- [           main] JpaBaseConfiguration$JpaWebConfiguration : spring.jpa.open-in-view is enabled by default. Therefore, database queries may be performed during view rendering. Explicitly configure spring.jpa.open-in-view to disable this warning
2026-03-25 22:32:34.098  INFO 2914 --- [           main] o.s.s.concurrent.ThreadPoolTaskExecutor  : Initializing ExecutorService 'applicationTaskExecutor'
2026-03-25 22:32:34.242  INFO 2914 --- [           main] o.s.b.a.e.web.EndpointLinksResolver      : Exposing 2 endpoint(s) beneath base path '/actuator'
2026-03-25 22:32:34.258  INFO 2914 --- [           main] c.fdmgroup.RealEstateApp.PropertyTests   : Started PropertyTests in 0.578 seconds (JVM running for 6.68)
2026-03-25 22:32:34.265  INFO 2914 --- [           main] o.s.s.concurrent.ThreadPoolTaskExecutor  : Shutting down ExecutorService 'applicationTaskExecutor'
2026-03-25 22:32:34.266  INFO 2914 --- [           main] j.LocalContainerEntityManagerFactoryBean : Closing JPA EntityManagerFactory for persistence unit 'default'
2026-03-25 22:32:34.266  INFO 2914 --- [           main] .SchemaDropperImpl$DelayedDropActionImpl : HHH000477: Starting delayed evictData of schema as part of SessionFactory shut-down'
2026-03-25 22:32:34.268  INFO 2914 --- [           main] com.zaxxer.hikari.HikariDataSource       : HikariPool-4 - Shutdown initiated...
2026-03-25 22:32:34.268  INFO 2914 --- [           main] com.zaxxer.hikari.HikariDataSource       : HikariPool-4 - Shutdown completed.
]]></system-out>
  </testcase>
  <testcase name="testCreateNewProperty" classname="com.fdmgroup.RealEstateApp.PropertyTests" time="0.074"/>
  <testcase name="testPropertyFindById" classname="com.fdmgroup.RealEstateApp.PropertyTests" time="0.014">
    <error message="No value present" type="java.util.NoSuchElementException">java.util.NoSuchElementException: No value present
	at com.fdmgroup.RealEstateApp.PropertyTests.testPropertyFindById(PropertyTests.java:43)
</error>
    <system-out><![CDATA[
  .   ____          _            __ _ _
 /\\ / ___'_ __ _ _(_)_ __  __ _ \ \ \ \
( ( )\___ | '_ | '_| | '_ \/ _` | \ \ \ \
 \\/  ___)| |_)| | | | | || (_| |  ) ) ) )
  '  |____| .__|_| |_|_| |_\__, | / / / /
 =========|_|==============|___/=/_/_/_/
 :: Spring Boot ::                (v2.4.4)

2026-03-25 22:32:34.911  INFO 2914 --- [           main] c.fdmgroup.RealEstateApp.PropertyTests   : Starting PropertyTests using Java 25 on Cristian-Beniamins-MacBook-Pro.local with PID 2914 (started by cristian-beniaminbalau in /Users/cristian-beniaminbalau/Desktop/RealEstateProject)
2026-03-25 22:32:34.912  INFO 2914 --- [           main] c.fdmgroup.RealEstateApp.PropertyTests   : No active profile set, falling back to default profiles: default
2026-03-25 22:32:35.038  INFO 2914 --- [           main] .s.d.r.c.RepositoryConfigurationDelegate : Bootstrapping Spring Data JPA repositories in DEFAULT mode.
2026-03-25 22:32:35.043  INFO 2914 --- [           main] .s.d.r.c.RepositoryConfigurationDelegate : Finished Spring Data repository scanning in 5 ms. Found 3 JPA repository interfaces.
2026-03-25 22:32:35.098  INFO 2914 --- [           main] com.zaxxer.hikari.HikariDataSource       : HikariPool-6 - Starting...
2026-03-25 22:32:35.100  INFO 2914 --- [           main] com.zaxxer.hikari.HikariDataSource       : HikariPool-6 - Start completed.
2026-03-25 22:32:35.107  INFO 2914 --- [           main] o.hibernate.jpa.internal.util.LogHelper  : HHH000204: Processing PersistenceUnitInfo [name: default]
2026-03-25 22:32:35.109  INFO 2914 --- [           main] org.hibernate.dialect.Dialect            : HHH000400: Using dialect: org.hibernate.dialect.H2Dialect
2026-03-25 22:32:35.146  INFO 2914 --- [           main] o.h.e.t.j.p.i.JtaPlatformInitiator       : HHH000490: Using JtaPlatform implementation: [org.hibernate.engine.transaction.jta.platform.internal.NoJtaPlatform]
2026-03-25 22:32:35.146  INFO 2914 --- [           main] j.LocalContainerEntityManagerFactoryBean : Initialized JPA EntityManagerFactory for persistence unit 'default'
2026-03-25 22:32:35.254  WARN 2914 --- [           main] JpaBaseConfiguration$JpaWebConfiguration : spring.jpa.open-in-view is enabled by default. Therefore, database queries may be performed during view rendering. Explicitly configure spring.jpa.open-in-view to disable this warning
2026-03-25 22:32:35.315  INFO 2914 --- [           main] o.s.s.concurrent.ThreadPoolTaskExecutor  : Initializing ExecutorService 'applicationTaskExecutor'
2026-03-25 22:32:35.436  INFO 2914 --- [           main] o.s.b.a.e.web.EndpointLinksResolver      : Exposing 2 endpoint(s) beneath base path '/actuator'
2026-03-25 22:32:35.455  INFO 2914 --- [           main] c.fdmgroup.RealEstateApp.PropertyTests   : Started PropertyTests in 0.553 seconds (JVM running for 7.876)
2026-03-25 22:32:35.465  INFO 2914 --- [           main] o.s.s.concurrent.ThreadPoolTaskExecutor  : Shutting down ExecutorService 'applicationTaskExecutor'
2026-03-25 22:32:35.466  INFO 2914 --- [           main] j.LocalContainerEntityManagerFactoryBean : Closing JPA EntityManagerFactory for persistence unit 'default'
2026-03-25 22:32:35.466  INFO 2914 --- [           main] .SchemaDropperImpl$DelayedDropActionImpl : HHH000477: Starting delayed evictData of schema as part of SessionFactory shut-down'
2026-03-25 22:32:35.468  INFO 2914 --- [           main] com.zaxxer.hikari.HikariDataSource       : HikariPool-6 - Shutdown initiated...
2026-03-25 22:32:35.469  INFO 2914 --- [           main] com.zaxxer.hikari.HikariDataSource       : HikariPool-6 - Shutdown completed.
]]></system-out>
  </testcase>
  <testcase name="testUpdatePropertySeller" classname="com.fdmgroup.RealEstateApp.PropertyTests" time="0.008">
    <error message="Cannot invoke &quot;com.fdmgroup.RealEstateApp.model.Property.setSeller(com.fdmgroup.RealEstateApp.model.User)&quot; because &quot;property&quot; is null" type="java.lang.NullPointerException">java.lang.NullPointerException: Cannot invoke "com.fdmgroup.RealEstateApp.model.Property.setSeller(com.fdmgroup.RealEstateApp.model.User)" because "property" is null
	at com.fdmgroup.RealEstateApp.PropertyTests.testUpdatePropertySeller(PropertyTests.java:129)
</error>
    <system-out><![CDATA[
  .   ____          _            __ _ _
 /\\ / ___'_ __ _ _(_)_ __  __ _ \ \ \ \
( ( )\___ | '_ | '_| | '_ \/ _` | \ \ \ \
 \\/  ___)| |_)| | | | | || (_| |  ) ) ) )
  '  |____| .__|_| |_|_| |_\__, | / / / /
 =========|_|==============|___/=/_/_/_/
 :: Spring Boot ::                (v2.4.4)

2026-03-25 22:32:35.480  INFO 2914 --- [           main] c.fdmgroup.RealEstateApp.PropertyTests   : Starting PropertyTests using Java 25 on Cristian-Beniamins-MacBook-Pro.local with PID 2914 (started by cristian-beniaminbalau in /Users/cristian-beniaminbalau/Desktop/RealEstateProject)
2026-03-25 22:32:35.480  INFO 2914 --- [           main] c.fdmgroup.RealEstateApp.PropertyTests   : No active profile set, falling back to default profiles: default
2026-03-25 22:32:35.592  INFO 2914 --- [           main] .s.d.r.c.RepositoryConfigurationDelegate : Bootstrapping Spring Data JPA repositories in DEFAULT mode.
2026-03-25 22:32:35.598  INFO 2914 --- [           main] .s.d.r.c.RepositoryConfigurationDelegate : Finished Spring Data repository scanning in 5 ms. Found 3 JPA repository interfaces.
2026-03-25 22:32:35.646  INFO 2914 --- [           main] com.zaxxer.hikari.HikariDataSource       : HikariPool-7 - Starting...
2026-03-25 22:32:35.647  INFO 2914 --- [           main] com.zaxxer.hikari.HikariDataSource       : HikariPool-7 - Start completed.
2026-03-25 22:32:35.653  INFO 2914 --- [           main] o.hibernate.jpa.internal.util.LogHelper  : HHH000204: Processing PersistenceUnitInfo [name: default]
2026-03-25 22:32:35.655  INFO 2914 --- [           main] org.hibernate.dialect.Dialect            : HHH000400: Using dialect: org.hibernate.dialect.H2Dialect
2026-03-25 22:32:35.684  INFO 2914 --- [           main] o.h.e.t.j.p.i.JtaPlatformInitiator       : HHH000490: Using JtaPlatform implementation: [org.hibernate.engine.transaction.jta.platform.internal.NoJtaPlatform]
2026-03-25 22:32:35.684  INFO 2914 --- [           main] j.LocalContainerEntityManagerFactoryBean : Initialized JPA EntityManagerFactory for persistence unit 'default'
2026-03-25 22:32:35.795  WARN 2914 --- [           main] JpaBaseConfiguration$JpaWebConfiguration : spring.jpa.open-in-view is enabled by default. Therefore, database queries may be performed during view rendering. Explicitly configure spring.jpa.open-in-view to disable this warning
2026-03-25 22:32:35.849  INFO 2914 --- [           main] o.s.s.concurrent.ThreadPoolTaskExecutor  : Initializing ExecutorService 'applicationTaskExecutor'
2026-03-25 22:32:35.978  INFO 2914 --- [           main] o.s.b.a.e.web.EndpointLinksResolver      : Exposing 2 endpoint(s) beneath base path '/actuator'
2026-03-25 22:32:35.994  INFO 2914 --- [           main] c.fdmgroup.RealEstateApp.PropertyTests   : Started PropertyTests in 0.523 seconds (JVM running for 8.416)
2026-03-25 22:32:36.000  INFO 2914 --- [           main] o.s.s.concurrent.ThreadPoolTaskExecutor  : Shutting down ExecutorService 'applicationTaskExecutor'
2026-03-25 22:32:36.001  INFO 2914 --- [           main] j.LocalContainerEntityManagerFactoryBean : Closing JPA EntityManagerFactory for persistence unit 'default'
2026-03-25 22:32:36.001  INFO 2914 --- [           main] .SchemaDropperImpl$DelayedDropActionImpl : HHH000477: Starting delayed evictData of schema as part of SessionFactory shut-down'
2026-03-25 22:32:36.002  INFO 2914 --- [           main] com.zaxxer.hikari.HikariDataSource       : HikariPool-7 - Shutdown initiated...
2026-03-25 22:32:36.003  INFO 2914 --- [           main] com.zaxxer.hikari.HikariDataSource       : HikariPool-7 - Shutdown completed.
]]></system-out>
  </testcase>
  <testcase name="testFindAllProperties" classname="com.fdmgroup.RealEstateApp.PropertyTests" time="0.011">
    <failure message="expected: &lt;true&gt; but was: &lt;false&gt;" type="org.opentest4j.AssertionFailedError"><![CDATA[org.opentest4j.AssertionFailedError: expected: <true> but was: <false>
	at com.fdmgroup.RealEstateApp.PropertyTests.testFindAllProperties(PropertyTests.java:74)
]]></failure>
    <system-out><![CDATA[
  .   ____          _            __ _ _
 /\\ / ___'_ __ _ _(_)_ __  __ _ \ \ \ \
( ( )\___ | '_ | '_| | '_ \/ _` | \ \ \ \
 \\/  ___)| |_)| | | | | || (_| |  ) ) ) )
  '  |____| .__|_| |_|_| |_\__, | / / / /
 =========|_|==============|___/=/_/_/_/
 :: Spring Boot ::                (v2.4.4)

2026-03-25 22:32:36.014  INFO 2914 --- [           main] c.fdmgroup.RealEstateApp.PropertyTests   : Starting PropertyTests using Java 25 on Cristian-Beniamins-MacBook-Pro.local with PID 2914 (started by cristian-beniaminbalau in /Users/cristian-beniaminbalau/Desktop/RealEstateProject)
2026-03-25 22:32:36.014  INFO 2914 --- [           main] c.fdmgroup.RealEstateApp.PropertyTests   : No active profile set, falling back to default profiles: default
2026-03-25 22:32:36.118  INFO 2914 --- [           main] .s.d.r.c.RepositoryConfigurationDelegate : Bootstrapping Spring Data JPA repositories in DEFAULT mode.
2026-03-25 22:32:36.124  INFO 2914 --- [           main] .s.d.r.c.RepositoryConfigurationDelegate : Finished Spring Data repository scanning in 5 ms. Found 3 JPA repository interfaces.
2026-03-25 22:32:36.195  INFO 2914 --- [           main] com.zaxxer.hikari.HikariDataSource       : HikariPool-8 - Starting...
2026-03-25 22:32:36.197  INFO 2914 --- [           main] com.zaxxer.hikari.HikariDataSource       : HikariPool-8 - Start completed.
2026-03-25 22:32:36.205  INFO 2914 --- [           main] o.hibernate.jpa.internal.util.LogHelper  : HHH000204: Processing PersistenceUnitInfo [name: default]
2026-03-25 22:32:36.207  INFO 2914 --- [           main] org.hibernate.dialect.Dialect            : HHH000400: Using dialect: org.hibernate.dialect.H2Dialect
2026-03-25 22:32:36.244  INFO 2914 --- [           main] o.h.e.t.j.p.i.JtaPlatformInitiator       : HHH000490: Using JtaPlatform implementation: [org.hibernate.engine.transaction.jta.platform.internal.NoJtaPlatform]
2026-03-25 22:32:36.245  INFO 2914 --- [           main] j.LocalContainerEntityManagerFactoryBean : Initialized JPA EntityManagerFactory for persistence unit 'default'
2026-03-25 22:32:36.349  WARN 2914 --- [           main] JpaBaseConfiguration$JpaWebConfiguration : spring.jpa.open-in-view is enabled by default. Therefore, database queries may be performed during view rendering. Explicitly configure spring.jpa.open-in-view to disable this warning
2026-03-25 22:32:36.406  INFO 2914 --- [           main] o.s.s.concurrent.ThreadPoolTaskExecutor  : Initializing ExecutorService 'applicationTaskExecutor'
2026-03-25 22:32:36.531  INFO 2914 --- [           main] o.s.b.a.e.web.EndpointLinksResolver      : Exposing 2 endpoint(s) beneath base path '/actuator'
2026-03-25 22:32:36.547  INFO 2914 --- [           main] c.fdmgroup.RealEstateApp.PropertyTests   : Started PropertyTests in 0.543 seconds (JVM running for 8.969)
2026-03-25 22:32:36.556  INFO 2914 --- [           main] o.s.s.concurrent.ThreadPoolTaskExecutor  : Shutting down ExecutorService 'applicationTaskExecutor'
2026-03-25 22:32:36.557  INFO 2914 --- [           main] j.LocalContainerEntityManagerFactoryBean : Closing JPA EntityManagerFactory for persistence unit 'default'
2026-03-25 22:32:36.557  INFO 2914 --- [           main] .SchemaDropperImpl$DelayedDropActionImpl : HHH000477: Starting delayed evictData of schema as part of SessionFactory shut-down'
2026-03-25 22:32:36.558  INFO 2914 --- [           main] com.zaxxer.hikari.HikariDataSource       : HikariPool-8 - Shutdown initiated...
2026-03-25 22:32:36.559  INFO 2914 --- [           main] com.zaxxer.hikari.HikariDataSource       : HikariPool-8 - Shutdown completed.
]]></system-out>
  </testcase>
  <testcase name="testUpdatePropertyCurrentBid" classname="com.fdmgroup.RealEstateApp.PropertyTests" time="0.008">
    <error message="Cannot invoke &quot;com.fdmgroup.RealEstateApp.model.Property.setCurrentBid(double)&quot; because &quot;property&quot; is null" type="java.lang.NullPointerException">java.lang.NullPointerException: Cannot invoke "com.fdmgroup.RealEstateApp.model.Property.setCurrentBid(double)" because "property" is null
	at com.fdmgroup.RealEstateApp.PropertyTests.testUpdatePropertyCurrentBid(PropertyTests.java:88)
</error>
    <system-out><![CDATA[
  .   ____          _            __ _ _
 /\\ / ___'_ __ _ _(_)_ __  __ _ \ \ \ \
( ( )\___ | '_ | '_| | '_ \/ _` | \ \ \ \
 \\/  ___)| |_)| | | | | || (_| |  ) ) ) )
  '  |____| .__|_| |_|_| |_\__, | / / / /
 =========|_|==============|___/=/_/_/_/
 :: Spring Boot ::                (v2.4.4)

2026-03-25 22:32:36.568  INFO 2914 --- [           main] c.fdmgroup.RealEstateApp.PropertyTests   : Starting PropertyTests using Java 25 on Cristian-Beniamins-MacBook-Pro.local with PID 2914 (started by cristian-beniaminbalau in /Users/cristian-beniaminbalau/Desktop/RealEstateProject)
2026-03-25 22:32:36.568  INFO 2914 --- [           main] c.fdmgroup.RealEstateApp.PropertyTests   : No active profile set, falling back to default profiles: default
2026-03-25 22:32:36.675  INFO 2914 --- [           main] .s.d.r.c.RepositoryConfigurationDelegate : Bootstrapping Spring Data JPA repositories in DEFAULT mode.
2026-03-25 22:32:36.679  INFO 2914 --- [           main] .s.d.r.c.RepositoryConfigurationDelegate : Finished Spring Data repository scanning in 4 ms. Found 3 JPA repository interfaces.
2026-03-25 22:32:36.717  INFO 2914 --- [           main] com.zaxxer.hikari.HikariDataSource       : HikariPool-9 - Starting...
2026-03-25 22:32:36.719  INFO 2914 --- [           main] com.zaxxer.hikari.HikariDataSource       : HikariPool-9 - Start completed.
2026-03-25 22:32:36.727  INFO 2914 --- [           main] o.hibernate.jpa.internal.util.LogHelper  : HHH000204: Processing PersistenceUnitInfo [name: default]
2026-03-25 22:32:36.729  INFO 2914 --- [           main] org.hibernate.dialect.Dialect            : HHH000400: Using dialect: org.hibernate.dialect.H2Dialect
2026-03-25 22:32:36.758  INFO 2914 --- [           main] o.h.e.t.j.p.i.JtaPlatformInitiator       : HHH000490: Using JtaPlatform implementation: [org.hibernate.engine.transaction.jta.platform.internal.NoJtaPlatform]
2026-03-25 22:32:36.759  INFO 2914 --- [           main] j.LocalContainerEntityManagerFactoryBean : Initialized JPA EntityManagerFactory for persistence unit 'default'
2026-03-25 22:32:36.850  WARN 2914 --- [           main] JpaBaseConfiguration$JpaWebConfiguration : spring.jpa.open-in-view is enabled by default. Therefore, database queries may be performed during view rendering. Explicitly configure spring.jpa.open-in-view to disable this warning
2026-03-25 22:32:36.897  INFO 2914 --- [           main] o.s.s.concurrent.ThreadPoolTaskExecutor  : Initializing ExecutorService 'applicationTaskExecutor'
2026-03-25 22:32:37.027  INFO 2914 --- [           main] o.s.b.a.e.web.EndpointLinksResolver      : Exposing 2 endpoint(s) beneath base path '/actuator'
2026-03-25 22:32:37.040  INFO 2914 --- [           main] c.fdmgroup.RealEstateApp.PropertyTests   : Started PropertyTests in 0.48 seconds (JVM running for 9.462)
2026-03-25 22:32:37.046  INFO 2914 --- [           main] o.s.s.concurrent.ThreadPoolTaskExecutor  : Shutting down ExecutorService 'applicationTaskExecutor'
2026-03-25 22:32:37.046  INFO 2914 --- [           main] j.LocalContainerEntityManagerFactoryBean : Closing JPA EntityManagerFactory for persistence unit 'default'
2026-03-25 22:32:37.047  INFO 2914 --- [           main] .SchemaDropperImpl$DelayedDropActionImpl : HHH000477: Starting delayed evictData of schema as part of SessionFactory shut-down'
2026-03-25 22:32:37.048  INFO 2914 --- [           main] com.zaxxer.hikari.HikariDataSource       : HikariPool-9 - Shutdown initiated...
2026-03-25 22:32:37.049  INFO 2914 --- [           main] com.zaxxer.hikari.HikariDataSource       : HikariPool-9 - Shutdown completed.
]]></system-out>
  </testcase>
  <testcase name="testUpdatePropertyNumberOfRooms" classname="com.fdmgroup.RealEstateApp.PropertyTests" time="0.006">
    <error message="Cannot invoke &quot;com.fdmgroup.RealEstateApp.model.Property.setNumberOfRooms(int)&quot; because &quot;property&quot; is null" type="java.lang.NullPointerException">java.lang.NullPointerException: Cannot invoke "com.fdmgroup.RealEstateApp.model.Property.setNumberOfRooms(int)" because "property" is null
	at com.fdmgroup.RealEstateApp.PropertyTests.testUpdatePropertyNumberOfRooms(PropertyTests.java:104)
</error>
    <system-out><![CDATA[
  .   ____          _            __ _ _
 /\\ / ___'_ __ _ _(_)_ __  __ _ \ \ \ \
( ( )\___ | '_ | '_| | '_ \/ _` | \ \ \ \
 \\/  ___)| |_)| | | | | || (_| |  ) ) ) )
  '  |____| .__|_| |_|_| |_\__, | / / / /
 =========|_|==============|___/=/_/_/_/
 :: Spring Boot ::                (v2.4.4)

2026-03-25 22:32:37.058  INFO 2914 --- [           main] c.fdmgroup.RealEstateApp.PropertyTests   : Starting PropertyTests using Java 25 on Cristian-Beniamins-MacBook-Pro.local with PID 2914 (started by cristian-beniaminbalau in /Users/cristian-beniaminbalau/Desktop/RealEstateProject)
2026-03-25 22:32:37.058  INFO 2914 --- [           main] c.fdmgroup.RealEstateApp.PropertyTests   : No active profile set, falling back to default profiles: default
2026-03-25 22:32:37.160  INFO 2914 --- [           main] .s.d.r.c.RepositoryConfigurationDelegate : Bootstrapping Spring Data JPA repositories in DEFAULT mode.
2026-03-25 22:32:37.166  INFO 2914 --- [           main] .s.d.r.c.RepositoryConfigurationDelegate : Finished Spring Data repository scanning in 5 ms. Found 3 JPA repository interfaces.
2026-03-25 22:32:37.207  INFO 2914 --- [           main] com.zaxxer.hikari.HikariDataSource       : HikariPool-10 - Starting...
2026-03-25 22:32:37.209  INFO 2914 --- [           main] com.zaxxer.hikari.HikariDataSource       : HikariPool-10 - Start completed.
2026-03-25 22:32:37.216  INFO 2914 --- [           main] o.hibernate.jpa.internal.util.LogHelper  : HHH000204: Processing PersistenceUnitInfo [name: default]
2026-03-25 22:32:37.218  INFO 2914 --- [           main] org.hibernate.dialect.Dialect            : HHH000400: Using dialect: org.hibernate.dialect.H2Dialect
2026-03-25 22:32:37.245  INFO 2914 --- [           main] o.h.e.t.j.p.i.JtaPlatformInitiator       : HHH000490: Using JtaPlatform implementation: [org.hibernate.engine.transaction.jta.platform.internal.NoJtaPlatform]
2026-03-25 22:32:37.245  INFO 2914 --- [           main] j.LocalContainerEntityManagerFactoryBean : Initialized JPA EntityManagerFactory for persistence unit 'default'
2026-03-25 22:32:37.333  WARN 2914 --- [           main] JpaBaseConfiguration$JpaWebConfiguration : spring.jpa.open-in-view is enabled by default. Therefore, database queries may be performed during view rendering. Explicitly configure spring.jpa.open-in-view to disable this warning
2026-03-25 22:32:37.379  INFO 2914 --- [           main] o.s.s.concurrent.ThreadPoolTaskExecutor  : Initializing ExecutorService 'applicationTaskExecutor'
2026-03-25 22:32:37.501  INFO 2914 --- [           main] o.s.b.a.e.web.EndpointLinksResolver      : Exposing 2 endpoint(s) beneath base path '/actuator'
2026-03-25 22:32:37.516  INFO 2914 --- [           main] c.fdmgroup.RealEstateApp.PropertyTests   : Started PropertyTests in 0.465 seconds (JVM running for 9.938)
2026-03-25 22:32:37.521  INFO 2914 --- [           main] o.s.s.concurrent.ThreadPoolTaskExecutor  : Shutting down ExecutorService 'applicationTaskExecutor'
2026-03-25 22:32:37.522  INFO 2914 --- [           main] j.LocalContainerEntityManagerFactoryBean : Closing JPA EntityManagerFactory for persistence unit 'default'
2026-03-25 22:32:37.522  INFO 2914 --- [           main] .SchemaDropperImpl$DelayedDropActionImpl : HHH000477: Starting delayed evictData of schema as part of SessionFactory shut-down'
2026-03-25 22:32:37.523  INFO 2914 --- [           main] com.zaxxer.hikari.HikariDataSource       : HikariPool-10 - Shutdown initiated...
2026-03-25 22:32:37.524  INFO 2914 --- [           main] com.zaxxer.hikari.HikariDataSource       : HikariPool-10 - Shutdown completed.
]]></system-out>
  </testcase>
  <testcase name="testFindByPropertyAddress" classname="com.fdmgroup.RealEstateApp.PropertyTests" time="0.006">
    <error message="Cannot invoke &quot;com.fdmgroup.RealEstateApp.model.Property.getPropertyAddress()&quot; because &quot;property&quot; is null" type="java.lang.NullPointerException">java.lang.NullPointerException: Cannot invoke "com.fdmgroup.RealEstateApp.model.Property.getPropertyAddress()" because "property" is null
	at com.fdmgroup.RealEstateApp.PropertyTests.testFindByPropertyAddress(PropertyTests.java:49)
</error>
    <system-out><![CDATA[
  .   ____          _            __ _ _
 /\\ / ___'_ __ _ _(_)_ __  __ _ \ \ \ \
( ( )\___ | '_ | '_| | '_ \/ _` | \ \ \ \
 \\/  ___)| |_)| | | | | || (_| |  ) ) ) )
  '  |____| .__|_| |_|_| |_\__, | / / / /
 =========|_|==============|___/=/_/_/_/
 :: Spring Boot ::                (v2.4.4)

2026-03-25 22:32:37.531  INFO 2914 --- [           main] c.fdmgroup.RealEstateApp.PropertyTests   : Starting PropertyTests using Java 25 on Cristian-Beniamins-MacBook-Pro.local with PID 2914 (started by cristian-beniaminbalau in /Users/cristian-beniaminbalau/Desktop/RealEstateProject)
2026-03-25 22:32:37.532  INFO 2914 --- [           main] c.fdmgroup.RealEstateApp.PropertyTests   : No active profile set, falling back to default profiles: default
2026-03-25 22:32:37.618  INFO 2914 --- [           main] .s.d.r.c.RepositoryConfigurationDelegate : Bootstrapping Spring Data JPA repositories in DEFAULT mode.
2026-03-25 22:32:37.623  INFO 2914 --- [           main] .s.d.r.c.RepositoryConfigurationDelegate : Finished Spring Data repository scanning in 4 ms. Found 3 JPA repository interfaces.
2026-03-25 22:32:37.658  INFO 2914 --- [           main] com.zaxxer.hikari.HikariDataSource       : HikariPool-11 - Starting...
2026-03-25 22:32:37.659  INFO 2914 --- [           main] com.zaxxer.hikari.HikariDataSource       : HikariPool-11 - Start completed.
2026-03-25 22:32:37.664  INFO 2914 --- [           main] o.hibernate.jpa.internal.util.LogHelper  : HHH000204: Processing PersistenceUnitInfo [name: default]
2026-03-25 22:32:37.667  INFO 2914 --- [           main] org.hibernate.dialect.Dialect            : HHH000400: Using dialect: org.hibernate.dialect.H2Dialect
2026-03-25 22:32:37.697  INFO 2914 --- [           main] o.h.e.t.j.p.i.JtaPlatformInitiator       : HHH000490: Using JtaPlatform implementation: [org.hibernate.engine.transaction.jta.platform.internal.NoJtaPlatform]
2026-03-25 22:32:37.697  INFO 2914 --- [           main] j.LocalContainerEntityManagerFactoryBean : Initialized JPA EntityManagerFactory for persistence unit 'default'
2026-03-25 22:32:37.784  WARN 2914 --- [           main] JpaBaseConfiguration$JpaWebConfiguration : spring.jpa.open-in-view is enabled by default. Therefore, database queries may be performed during view rendering. Explicitly configure spring.jpa.open-in-view to disable this warning
2026-03-25 22:32:37.838  INFO 2914 --- [           main] o.s.s.concurrent.ThreadPoolTaskExecutor  : Initializing ExecutorService 'applicationTaskExecutor'
2026-03-25 22:32:37.950  INFO 2914 --- [           main] o.s.b.a.e.web.EndpointLinksResolver      : Exposing 2 endpoint(s) beneath base path '/actuator'
2026-03-25 22:32:37.964  INFO 2914 --- [           main] c.fdmgroup.RealEstateApp.PropertyTests   : Started PropertyTests in 0.439 seconds (JVM running for 10.386)
2026-03-25 22:32:37.969  INFO 2914 --- [           main] o.s.s.concurrent.ThreadPoolTaskExecutor  : Shutting down ExecutorService 'applicationTaskExecutor'
2026-03-25 22:32:37.970  INFO 2914 --- [           main] j.LocalContainerEntityManagerFactoryBean : Closing JPA EntityManagerFactory for persistence unit 'default'
2026-03-25 22:32:37.970  INFO 2914 --- [           main] .SchemaDropperImpl$DelayedDropActionImpl : HHH000477: Starting delayed evictData of schema as part of SessionFactory shut-down'
2026-03-25 22:32:37.971  INFO 2914 --- [           main] com.zaxxer.hikari.HikariDataSource       : HikariPool-11 - Shutdown initiated...
2026-03-25 22:32:37.972  INFO 2914 --- [           main] com.zaxxer.hikari.HikariDataSource       : HikariPool-11 - Shutdown completed.
]]></system-out>
  </testcase>
  <testcase name="testGetPropertySize" classname="com.fdmgroup.RealEstateApp.PropertyTests" time="0.005"/>
  <testcase name="testGetPropertyType" classname="com.fdmgroup.RealEstateApp.PropertyTests" time="0.007"/>
  <testcase name="testUpdatePropertySellingPrice" classname="com.fdmgroup.RealEstateApp.PropertyTests" time="0.006">
    <error message="Cannot invoke &quot;com.fdmgroup.RealEstateApp.model.Property.setSellingPrice(double)&quot; because &quot;property&quot; is null" type="java.lang.NullPointerException">java.lang.NullPointerException: Cannot invoke "com.fdmgroup.RealEstateApp.model.Property.setSellingPrice(double)" because "property" is null
	at com.fdmgroup.RealEstateApp.PropertyTests.testUpdatePropertySellingPrice(PropertyTests.java:96)
</error>
    <system-out><![CDATA[
  .   ____          _            __ _ _
 /\\ / ___'_ __ _ _(_)_ __  __ _ \ \ \ \
( ( )\___ | '_ | '_| | '_ \/ _` | \ \ \ \
 \\/  ___)| |_)| | | | | || (_| |  ) ) ) )
  '  |____| .__|_| |_|_| |_\__, | / / / /
 =========|_|==============|___/=/_/_/_/
 :: Spring Boot ::                (v2.4.4)

2026-03-25 22:32:38.875  INFO 2914 --- [           main] c.fdmgroup.RealEstateApp.PropertyTests   : Starting PropertyTests using Java 25 on Cristian-Beniamins-MacBook-Pro.local with PID 2914 (started by cristian-beniaminbalau in /Users/cristian-beniaminbalau/Desktop/RealEstateProject)
2026-03-25 22:32:38.875  INFO 2914 --- [           main] c.fdmgroup.RealEstateApp.PropertyTests   : No active profile set, falling back to default profiles: default
2026-03-25 22:32:38.973  INFO 2914 --- [           main] .s.d.r.c.RepositoryConfigurationDelegate : Bootstrapping Spring Data JPA repositories in DEFAULT mode.
2026-03-25 22:32:38.977  INFO 2914 --- [           main] .s.d.r.c.RepositoryConfigurationDelegate : Finished Spring Data repository scanning in 4 ms. Found 3 JPA repository interfaces.
2026-03-25 22:32:39.015  INFO 2914 --- [           main] com.zaxxer.hikari.HikariDataSource       : HikariPool-14 - Starting...
2026-03-25 22:32:39.016  INFO 2914 --- [           main] com.zaxxer.hikari.HikariDataSource       : HikariPool-14 - Start completed.
2026-03-25 22:32:39.022  INFO 2914 --- [           main] o.hibernate.jpa.internal.util.LogHelper  : HHH000204: Processing PersistenceUnitInfo [name: default]
2026-03-25 22:32:39.024  INFO 2914 --- [           main] org.hibernate.dialect.Dialect            : HHH000400: Using dialect: org.hibernate.dialect.H2Dialect
2026-03-25 22:32:39.050  INFO 2914 --- [           main] o.h.e.t.j.p.i.JtaPlatformInitiator       : HHH000490: Using JtaPlatform implementation: [org.hibernate.engine.transaction.jta.platform.internal.NoJtaPlatform]
2026-03-25 22:32:39.050  INFO 2914 --- [           main] j.LocalContainerEntityManagerFactoryBean : Initialized JPA EntityManagerFactory for persistence unit 'default'
2026-03-25 22:32:39.129  WARN 2914 --- [           main] JpaBaseConfiguration$JpaWebConfiguration : spring.jpa.open-in-view is enabled by default. Therefore, database queries may be performed during view rendering. Explicitly configure spring.jpa.open-in-view to disable this warning
2026-03-25 22:32:39.174  INFO 2914 --- [           main] o.s.s.concurrent.ThreadPoolTaskExecutor  : Initializing ExecutorService 'applicationTaskExecutor'
2026-03-25 22:32:39.290  INFO 2914 --- [           main] o.s.b.a.e.web.EndpointLinksResolver      : Exposing 2 endpoint(s) beneath base path '/actuator'
2026-03-25 22:32:39.300  INFO 2914 --- [           main] c.fdmgroup.RealEstateApp.PropertyTests   : Started PropertyTests in 0.435 seconds (JVM running for 11.722)
2026-03-25 22:32:39.306  INFO 2914 --- [           main] o.s.s.concurrent.ThreadPoolTaskExecutor  : Shutting down ExecutorService 'applicationTaskExecutor'
2026-03-25 22:32:39.306  INFO 2914 --- [           main] j.LocalContainerEntityManagerFactoryBean : Closing JPA EntityManagerFactory for persistence unit 'default'
2026-03-25 22:32:39.307  INFO 2914 --- [           main] .SchemaDropperImpl$DelayedDropActionImpl : HHH000477: Starting delayed evictData of schema as part of SessionFactory shut-down'
2026-03-25 22:32:39.307  INFO 2914 --- [           main] com.zaxxer.hikari.HikariDataSource       : HikariPool-14 - Shutdown initiated...
2026-03-25 22:32:39.308  INFO 2914 --- [           main] com.zaxxer.hikari.HikariDataSource       : HikariPool-14 - Shutdown completed.
]]></system-out>
  </testcase>
  <testcase name="testPropertyDelete" classname="com.fdmgroup.RealEstateApp.PropertyTests" time="0.009">
    <error message="Entity must not be null!; nested exception is java.lang.IllegalArgumentException: Entity must not be null!" type="org.springframework.dao.InvalidDataAccessApiUsageException">org.springframework.dao.InvalidDataAccessApiUsageException: Entity must not be null!; nested exception is java.lang.IllegalArgumentException: Entity must not be null!
	at com.fdmgroup.RealEstateApp.PropertyTests.testPropertyDelete(PropertyTests.java:153)
Caused by: java.lang.IllegalArgumentException: Entity must not be null!
	at com.fdmgroup.RealEstateApp.PropertyTests.testPropertyDelete(PropertyTests.java:153)
</error>
    <system-out><![CDATA[
  .   ____          _            __ _ _
 /\\ / ___'_ __ _ _(_)_ __  __ _ \ \ \ \
( ( )\___ | '_ | '_| | '_ \/ _` | \ \ \ \
 \\/  ___)| |_)| | | | | || (_| |  ) ) ) )
  '  |____| .__|_| |_|_| |_\__, | / / / /
 =========|_|==============|___/=/_/_/_/
 :: Spring Boot ::                (v2.4.4)

2026-03-25 22:32:39.316  INFO 2914 --- [           main] c.fdmgroup.RealEstateApp.PropertyTests   : Starting PropertyTests using Java 25 on Cristian-Beniamins-MacBook-Pro.local with PID 2914 (started by cristian-beniaminbalau in /Users/cristian-beniaminbalau/Desktop/RealEstateProject)
2026-03-25 22:32:39.316  INFO 2914 --- [           main] c.fdmgroup.RealEstateApp.PropertyTests   : No active profile set, falling back to default profiles: default
2026-03-25 22:32:39.397  INFO 2914 --- [           main] .s.d.r.c.RepositoryConfigurationDelegate : Bootstrapping Spring Data JPA repositories in DEFAULT mode.
2026-03-25 22:32:39.401  INFO 2914 --- [           main] .s.d.r.c.RepositoryConfigurationDelegate : Finished Spring Data repository scanning in 3 ms. Found 3 JPA repository interfaces.
2026-03-25 22:32:39.432  INFO 2914 --- [           main] com.zaxxer.hikari.HikariDataSource       : HikariPool-15 - Starting...
2026-03-25 22:32:39.434  INFO 2914 --- [           main] com.zaxxer.hikari.HikariDataSource       : HikariPool-15 - Start completed.
2026-03-25 22:32:39.439  INFO 2914 --- [           main] o.hibernate.jpa.internal.util.LogHelper  : HHH000204: Processing PersistenceUnitInfo [name: default]
2026-03-25 22:32:39.442  INFO 2914 --- [           main] org.hibernate.dialect.Dialect            : HHH000400: Using dialect: org.hibernate.dialect.H2Dialect
2026-03-25 22:32:39.469  INFO 2914 --- [           main] o.h.e.t.j.p.i.JtaPlatformInitiator       : HHH000490: Using JtaPlatform implementation: [org.hibernate.engine.transaction.jta.platform.internal.NoJtaPlatform]
2026-03-25 22:32:39.469  INFO 2914 --- [           main] j.LocalContainerEntityManagerFactoryBean : Initialized JPA EntityManagerFactory for persistence unit 'default'
2026-03-25 22:32:39.550  WARN 2914 --- [           main] JpaBaseConfiguration$JpaWebConfiguration : spring.jpa.open-in-view is enabled by default. Therefore, database queries may be performed during view rendering. Explicitly configure spring.jpa.open-in-view to disable this warning
2026-03-25 22:32:39.594  INFO 2914 --- [           main] o.s.s.concurrent.ThreadPoolTaskExecutor  : Initializing ExecutorService 'applicationTaskExecutor'
2026-03-25 22:32:39.712  INFO 2914 --- [           main] o.s.b.a.e.web.EndpointLinksResolver      : Exposing 2 endpoint(s) beneath base path '/actuator'
2026-03-25 22:32:39.724  INFO 2914 --- [           main] c.fdmgroup.RealEstateApp.PropertyTests   : Started PropertyTests in 0.415 seconds (JVM running for 12.146)
2026-03-25 22:32:39.732  INFO 2914 --- [           main] o.s.s.concurrent.ThreadPoolTaskExecutor  : Shutting down ExecutorService 'applicationTaskExecutor'
2026-03-25 22:32:39.733  INFO 2914 --- [           main] j.LocalContainerEntityManagerFactoryBean : Closing JPA EntityManagerFactory for persistence unit 'default'
2026-03-25 22:32:39.733  INFO 2914 --- [           main] .SchemaDropperImpl$DelayedDropActionImpl : HHH000477: Starting delayed evictData of schema as part of SessionFactory shut-down'
2026-03-25 22:32:39.734  INFO 2914 --- [           main] com.zaxxer.hikari.HikariDataSource       : HikariPool-15 - Shutdown initiated...
2026-03-25 22:32:39.735  INFO 2914 --- [           main] com.zaxxer.hikari.HikariDataSource       : HikariPool-15 - Shutdown completed.
]]></system-out>
  </testcase>
  <testcase name="testUpdatePropertySize" classname="com.fdmgroup.RealEstateApp.PropertyTests" time="0.007">
    <error message="Cannot invoke &quot;com.fdmgroup.RealEstateApp.model.Property.setPropertySize(double)&quot; because &quot;property&quot; is null" type="java.lang.NullPointerException">java.lang.NullPointerException: Cannot invoke "com.fdmgroup.RealEstateApp.model.Property.setPropertySize(double)" because "property" is null
	at com.fdmgroup.RealEstateApp.PropertyTests.testUpdatePropertySize(PropertyTests.java:137)
</error>
    <system-out><![CDATA[
  .   ____          _            __ _ _
 /\\ / ___'_ __ _ _(_)_ __  __ _ \ \ \ \
( ( )\___ | '_ | '_| | '_ \/ _` | \ \ \ \
 \\/  ___)| |_)| | | | | || (_| |  ) ) ) )
  '  |____| .__|_| |_|_| |_\__, | / / / /
 =========|_|==============|___/=/_/_/_/
 :: Spring Boot ::                (v2.4.4)

2026-03-25 22:32:39.743  INFO 2914 --- [           main] c.fdmgroup.RealEstateApp.PropertyTests   : Starting PropertyTests using Java 25 on Cristian-Beniamins-MacBook-Pro.local with PID 2914 (started by cristian-beniaminbalau in /Users/cristian-beniaminbalau/Desktop/RealEstateProject)
2026-03-25 22:32:39.743  INFO 2914 --- [           main] c.fdmgroup.RealEstateApp.PropertyTests   : No active profile set, falling back to default profiles: default
2026-03-25 22:32:39.824  INFO 2914 --- [           main] .s.d.r.c.RepositoryConfigurationDelegate : Bootstrapping Spring Data JPA repositories in DEFAULT mode.
2026-03-25 22:32:39.827  INFO 2914 --- [           main] .s.d.r.c.RepositoryConfigurationDelegate : Finished Spring Data repository scanning in 3 ms. Found 3 JPA repository interfaces.
2026-03-25 22:32:39.859  INFO 2914 --- [           main] com.zaxxer.hikari.HikariDataSource       : HikariPool-16 - Starting...
2026-03-25 22:32:39.860  INFO 2914 --- [           main] com.zaxxer.hikari.HikariDataSource       : HikariPool-16 - Start completed.
2026-03-25 22:32:39.865  INFO 2914 --- [           main] o.hibernate.jpa.internal.util.LogHelper  : HHH000204: Processing PersistenceUnitInfo [name: default]
2026-03-25 22:32:39.866  INFO 2914 --- [           main] org.hibernate.dialect.Dialect            : HHH000400: Using dialect: org.hibernate.dialect.H2Dialect
2026-03-25 22:32:39.896  INFO 2914 --- [           main] o.h.e.t.j.p.i.JtaPlatformInitiator       : HHH000490: Using JtaPlatform implementation: [org.hibernate.engine.transaction.jta.platform.internal.NoJtaPlatform]
2026-03-25 22:32:39.896  INFO 2914 --- [           main] j.LocalContainerEntityManagerFactoryBean : Initialized JPA EntityManagerFactory for persistence unit 'default'
2026-03-25 22:32:39.980  WARN 2914 --- [           main] JpaBaseConfiguration$JpaWebConfiguration : spring.jpa.open-in-view is enabled by default. Therefore, database queries may be performed during view rendering. Explicitly configure spring.jpa.open-in-view to disable this warning
2026-03-25 22:32:40.024  INFO 2914 --- [           main] o.s.s.concurrent.ThreadPoolTaskExecutor  : Initializing ExecutorService 'applicationTaskExecutor'
2026-03-25 22:32:40.135  INFO 2914 --- [           main] o.s.b.a.e.web.EndpointLinksResolver      : Exposing 2 endpoint(s) beneath base path '/actuator'
2026-03-25 22:32:40.146  INFO 2914 --- [           main] c.fdmgroup.RealEstateApp.PropertyTests   : Started PropertyTests in 0.409 seconds (JVM running for 12.567)
2026-03-25 22:32:40.150  INFO 2914 --- [           main] o.s.s.concurrent.ThreadPoolTaskExecutor  : Shutting down ExecutorService 'applicationTaskExecutor'
2026-03-25 22:32:40.151  INFO 2914 --- [           main] j.LocalContainerEntityManagerFactoryBean : Closing JPA EntityManagerFactory for persistence unit 'default'
2026-03-25 22:32:40.151  INFO 2914 --- [           main] .SchemaDropperImpl$DelayedDropActionImpl : HHH000477: Starting delayed evictData of schema as part of SessionFactory shut-down'
2026-03-25 22:32:40.152  INFO 2914 --- [           main] com.zaxxer.hikari.HikariDataSource       : HikariPool-16 - Shutdown initiated...
2026-03-25 22:32:40.153  INFO 2914 --- [           main] com.zaxxer.hikari.HikariDataSource       : HikariPool-16 - Shutdown completed.
]]></system-out>
  </testcase>
  <testcase name="testUpdatePropertyType" classname="com.fdmgroup.RealEstateApp.PropertyTests" time="0.006">
    <error message="Cannot invoke &quot;com.fdmgroup.RealEstateApp.model.Property.setPropertyType(com.fdmgroup.RealEstateApp.model.PropertyType)&quot; because &quot;property&quot; is null" type="java.lang.NullPointerException">java.lang.NullPointerException: Cannot invoke "com.fdmgroup.RealEstateApp.model.Property.setPropertyType(com.fdmgroup.RealEstateApp.model.PropertyType)" because "property" is null
	at com.fdmgroup.RealEstateApp.PropertyTests.testUpdatePropertyType(PropertyTests.java:120)
</error>
    <system-out><![CDATA[
  .   ____          _            __ _ _
 /\\ / ___'_ __ _ _(_)_ __  __ _ \ \ \ \
( ( )\___ | '_ | '_| | '_ \/ _` | \ \ \ \
 \\/  ___)| |_)| | | | | || (_| |  ) ) ) )
  '  |____| .__|_| |_|_| |_\__, | / / / /
 =========|_|==============|___/=/_/_/_/
 :: Spring Boot ::                (v2.4.4)

2026-03-25 22:32:40.161  INFO 2914 --- [           main] c.fdmgroup.RealEstateApp.PropertyTests   : Starting PropertyTests using Java 25 on Cristian-Beniamins-MacBook-Pro.local with PID 2914 (started by cristian-beniaminbalau in /Users/cristian-beniaminbalau/Desktop/RealEstateProject)
2026-03-25 22:32:40.161  INFO 2914 --- [           main] c.fdmgroup.RealEstateApp.PropertyTests   : No active profile set, falling back to default profiles: default
2026-03-25 22:32:40.243  INFO 2914 --- [           main] .s.d.r.c.RepositoryConfigurationDelegate : Bootstrapping Spring Data JPA repositories in DEFAULT mode.
2026-03-25 22:32:40.247  INFO 2914 --- [           main] .s.d.r.c.RepositoryConfigurationDelegate : Finished Spring Data repository scanning in 3 ms. Found 3 JPA repository interfaces.
2026-03-25 22:32:40.278  INFO 2914 --- [           main] com.zaxxer.hikari.HikariDataSource       : HikariPool-17 - Starting...
2026-03-25 22:32:40.279  INFO 2914 --- [           main] com.zaxxer.hikari.HikariDataSource       : HikariPool-17 - Start completed.
2026-03-25 22:32:40.283  INFO 2914 --- [           main] o.hibernate.jpa.internal.util.LogHelper  : HHH000204: Processing PersistenceUnitInfo [name: default]
2026-03-25 22:32:40.285  INFO 2914 --- [           main] org.hibernate.dialect.Dialect            : HHH000400: Using dialect: org.hibernate.dialect.H2Dialect
2026-03-25 22:32:40.312  INFO 2914 --- [           main] o.h.e.t.j.p.i.JtaPlatformInitiator       : HHH000490: Using JtaPlatform implementation: [org.hibernate.engine.transaction.jta.platform.internal.NoJtaPlatform]
2026-03-25 22:32:40.312  INFO 2914 --- [           main] j.LocalContainerEntityManagerFactoryBean : Initialized JPA EntityManagerFactory for persistence unit 'default'
2026-03-25 22:32:40.380  WARN 2914 --- [           main] JpaBaseConfiguration$JpaWebConfiguration : spring.jpa.open-in-view is enabled by default. Therefore, database queries may be performed during view rendering. Explicitly configure spring.jpa.open-in-view to disable this warning
2026-03-25 22:32:40.421  INFO 2914 --- [           main] o.s.s.concurrent.ThreadPoolTaskExecutor  : Initializing ExecutorService 'applicationTaskExecutor'
2026-03-25 22:32:40.529  INFO 2914 --- [           main] o.s.b.a.e.web.EndpointLinksResolver      : Exposing 2 endpoint(s) beneath base path '/actuator'
2026-03-25 22:32:40.541  INFO 2914 --- [           main] c.fdmgroup.RealEstateApp.PropertyTests   : Started PropertyTests in 0.386 seconds (JVM running for 12.963)
2026-03-25 22:32:40.546  INFO 2914 --- [           main] o.s.s.concurrent.ThreadPoolTaskExecutor  : Shutting down ExecutorService 'applicationTaskExecutor'
2026-03-25 22:32:40.546  INFO 2914 --- [           main] j.LocalContainerEntityManagerFactoryBean : Closing JPA EntityManagerFactory for persistence unit 'default'
2026-03-25 22:32:40.546  INFO 2914 --- [           main] .SchemaDropperImpl$DelayedDropActionImpl : HHH000477: Starting delayed evictData of schema as part of SessionFactory shut-down'
2026-03-25 22:32:40.547  INFO 2914 --- [           main] com.zaxxer.hikari.HikariDataSource       : HikariPool-17 - Shutdown initiated...
2026-03-25 22:32:40.548  INFO 2914 --- [           main] com.zaxxer.hikari.HikariDataSource       : HikariPool-17 - Shutdown completed.
]]></system-out>
  </testcase>
</testsuite>