<?xml version="1.0" encoding="UTF-8"?>
<testsuite xmlns:xsi="http://www.w3.org/2001/XMLSchema-instance" xsi:noNamespaceSchemaLocation="https://maven.apache.org/surefire/maven-surefire-plugin/xsd/surefire-test-report.xsd" name="com.fdmgroup.RealEstateApp.UserTests" time="6.947" tests="19" errors="13" skipped="0" failures="1">
  <properties>
[...]
</properties>
  <testcase name="testFindUserByUsername" classname="com.fdmgroup.RealEstateApp.UserTests" time="0.005">
    <error message="Cannot invoke &quot;com.fdmgroup.RealEstateApp.model.User.getPassword()&quot; because &quot;user&quot; is null" type="java.lang.NullPointerException">java.lang.NullPointerException: Cannot invoke "com.fdmgroup.RealEstateApp.model.User.getPassword()" because "user" is null
	at com.fdmgroup.RealEstateApp.UserTests.testFindUserByUsername(UserTests.java:111)
</error>
    <system-out><![CDATA[2026-03-25 22:32:44.534  INFO 2914 --- [           main] .b.t.c.SpringBootTestContextBootstrapper : Neither @ContextConfiguration nor @ContextHierarchy found for test class [com.fdmgroup.RealEstateApp.UserTests], using SpringBootContextLoader
2026-03-25 22:32:44.535  INFO 2914 --- [           main] o.s.t.c.support.AbstractContextLoader    : Could not detect default resource locations for test class [com.fdmgroup.RealEstateApp.UserTests]: no resource found for suffixes {-context.xml, Context.groovy}.
2026-03-25 22:32:44.535  INFO 2914 --- [           main] t.c.s.AnnotationConfigContextLoaderUtils : Could not detect default configuration classes for test class [com.fdmgroup.RealEstateApp.UserTests]: UserTests does not declare any static, non-private, non-final, nested classes annotated with @Configuration.
2026-03-25 22:32:44.535  INFO 2914 --- [           main] .b.t.c.SpringBootTestContextBootstrapper : Found @SpringBootConfiguration com.fdmgroup.RealEstateApp.App for test class com.fdmgroup.RealEstateApp.UserTests
2026-03-25 22:32:44.536  INFO 2914 --- [           main] .b.t.c.SpringBootTestContextBootstrapper : Loaded default TestExecutionListener class names from location [META-INF/spring.factories]: [org.springframework.boot.test.mock.mockito.MockitoTestExecutionListener, org.springframework.boot.test.mock.mockito.ResetMocksTestExecutionListener, org.springframework.boot.test.autoconfigure.restdocs.RestDocsTestExecutionListener, org.springframework.boot.test.autoconfigure.web.client.MockRestServiceServerResetTestExecutionListener, org.springframework.boot.test.autoconfigure.web.servlet.MockMvcPrintOnlyOnFailureTestExecutionListener, org.springframework.boot.test.autoconfigure.web.servlet.WebDriverTestExecutionListener, org.springframework.boot.test.autoconfigure.webservices.client.MockWebServiceServerTestExecutionListener, org.springframework.test.context.web.ServletTestExecutionListener, org.springframework.test.context.support.DirtiesContextBeforeModesTestExecutionListener, org.springframework.test.context.event.ApplicationEventsTestExecutionListener, org.springframework.test.context.support.DependencyInjectionTestExecutionListener, org.springframework.test.context.support.DirtiesContextTestExecutionListener, org.springframework.test.context.transaction.TransactionalTestExecutionListener, org.springframework.test.context.jdbc.SqlScriptsTestExecutionListener, org.springframework.test.context.event.EventPublishingTestExecutionListener]
2026-03-25 22:32:44.536  INFO 2914 --- [           main] .b.t.c.SpringBootTestContextBootstrapper : Using TestExecutionListeners: [org.springframework.test.context.web.ServletTestExecutionListener@317245ac, org.springframework.test.context.support.DirtiesContextBeforeModesTestExecutionListener@48706fc1, org.springframework.test.context.event.ApplicationEventsTestExecutionListener@28132c9, org.springframework.boot.test.mock.mockito.MockitoTestExecutionListener@3b358b9f, org.springframework.boot.test.autoconfigure.SpringBootDependencyInjectionTestExecutionListener@18c9e670, org.springframework.test.context.support.DirtiesContextTestExecutionListener@538c8ccf, org.springframework.test.context.transaction.TransactionalTestExecutionListener@5810eb0d, org.springframework.test.context.jdbc.SqlScriptsTestExecutionListener@4f6eeae3, org.springframework.test.context.event.EventPublishingTestExecutionListener@18c36f18, org.springframework.boot.test.mock.mockito.ResetMocksTestExecutionListener@2f1e623b, org.springframework.boot.test.autoconfigure.restdocs.RestDocsTestExecutionListener@7009bc56, org.springframework.boot.test.autoconfigure.web.client.MockRestServiceServerResetTestExecutionListener@48886946, org.springframework.boot.test.autoconfigure.web.servlet.MockMvcPrintOnlyOnFailureTestExecutionListener@4bb074e0, org.springframework.boot.test.autoconfigure.web.servlet.WebDriverTestExecutionListener@17e3d817, org.springframework.boot.test.autoconfigure.webservices.client.MockWebServiceServerTestExecutionListener@2ab52db1]

  .   ____          _            __ _ _
 /\\ / ___'_ __ _ _(_)_ __  __ _ \ \ \ \
( ( )\___ | '_ | '_| | '_ \/ _` | \ \ \ \
 \\/  ___)| |_)| | | | | || (_| |  ) ) ) )
  '  |____| .__|_| |_|_| |_\__, | / / / /
 =========|_|==============|___/=/_/_/_/
 :: Spring Boot ::                (v2.4.4)

2026-03-25 22:32:44.543  INFO 2914 --- [           main] com.fdmgroup.RealEstateApp.UserTests     : Starting UserTests using Java 25 on Cristian-Beniamins-MacBook-Pro.local with PID 2914 (started by cristian-beniaminbalau in /Users/cristian-beniaminbalau/Desktop/RealEstateProject)
2026-03-25 22:32:44.543  INFO 2914 --- [           main] com.fdmgroup.RealEstateApp.UserTests     : No active profile set, falling back to default profiles: default
2026-03-25 22:32:44.616  INFO 2914 --- [           main] .s.d.r.c.RepositoryConfigurationDelegate : Bootstrapping Spring Data JPA repositories in DEFAULT mode.
2026-03-25 22:32:44.621  INFO 2914 --- [           main] .s.d.r.c.RepositoryConfigurationDelegate : Finished Spring Data repository scanning in 4 ms. Found 3 JPA repository interfaces.
2026-03-25 22:32:44.654  INFO 2914 --- [           main] com.zaxxer.hikari.HikariDataSource       : HikariPool-28 - Starting...
2026-03-25 22:32:44.655  INFO 2914 --- [           main] com.zaxxer.hikari.HikariDataSource       : HikariPool-28 - Start completed.
2026-03-25 22:32:44.659  INFO 2914 --- [           main] o.hibernate.jpa.internal.util.LogHelper  : HHH000204: Processing PersistenceUnitInfo [name: default]
2026-03-25 22:32:44.661  INFO 2914 --- [           main] org.hibernate.dialect.Dialect            : HHH000400: Using dialect: org.hibernate.dialect.H2Dialect
2026-03-25 22:32:44.687  INFO 2914 --- [           main] o.h.e.t.j.p.i.JtaPlatformInitiator       : HHH000490: Using JtaPlatform implementation: [org.hibernate.engine.transaction.jta.platform.internal.NoJtaPlatform]
2026-03-25 22:32:44.687  INFO 2914 --- [           main] j.LocalContainerEntityManagerFactoryBean : Initialized JPA EntityManagerFactory for persistence unit 'default'
2026-03-25 22:32:44.768  WARN 2914 --- [           main] JpaBaseConfiguration$JpaWebConfiguration : spring.jpa.open-in-view is enabled by default. Therefore, database queries may be performed during view rendering. Explicitly configure spring.jpa.open-in-view to disable this warning
2026-03-25 22:32:44.809  INFO 2914 --- [           main] o.s.s.concurrent.ThreadPoolTaskExecutor  : Initializing ExecutorService 'applicationTaskExecutor'
2026-03-25 22:32:44.917  INFO 2914 --- [           main] o.s.b.a.e.web.EndpointLinksResolver      : Exposing 2 endpoint(s) beneath base path '/actuator'
2026-03-25 22:32:44.928  INFO 2914 --- [           main] com.fdmgroup.RealEstateApp.UserTests     : Started UserTests in 0.391 seconds (JVM running for 17.35)
2026-03-25 22:32:44.932  INFO 2914 --- [           main] o.s.s.concurrent.ThreadPoolTaskExecutor  : Shutting down ExecutorService 'applicationTaskExecutor'
2026-03-25 22:32:44.933  INFO 2914 --- [           main] j.LocalContainerEntityManagerFactoryBean : Closing JPA EntityManagerFactory for persistence unit 'default'
2026-03-25 22:32:44.933  INFO 2914 --- [           main] .SchemaDropperImpl$DelayedDropActionImpl : HHH000477: Starting delayed evictData of schema as part of SessionFactory shut-down'
2026-03-25 22:32:44.933  INFO 2914 --- [           main] com.zaxxer.hikari.HikariDataSource       : HikariPool-28 - Shutdown initiated...
2026-03-25 22:32:44.934  INFO 2914 --- [           main] com.zaxxer.hikari.HikariDataSource       : HikariPool-28 - Shutdown completed.
]]></system-out>
  </testcase>
  <testcase name="testUserSetLastName" classname="com.fdmgroup.RealEstateApp.UserTests" time="0.005">
    <error message="No value present" type="java.util.NoSuchElementException">java.util.NoSuchElementException: No value present
	at com.fdmgroup.RealEstateApp.UserTests.testUserSetLastName(UserTests.java:91)
</error>
    <system-out><![CDATA[
  .   ____          _            __ _ _
 /\\ / ___'_ __ _ _(_)_ __  __ _ \ \ \ \
( ( )\___ | '_ | '_| | '_ \/ _` | \ \ \ \
 \\/  ___)| |_)| | | | | || (_| |  ) ) ) )
  '  |____| .__|_| |_|_| |_\__, | / / / /
 =========|_|==============|___/=/_/_/_/
 :: Spring Boot ::                (v2.4.4)

2026-03-25 22:32:44.940  INFO 2914 --- [           main] com.fdmgroup.RealEstateApp.UserTests     : Starting UserTests using Java 25 on Cristian-Beniamins-MacBook-Pro.local with PID 2914 (started by cristian-beniaminbalau in /Users/cristian-beniaminbalau/Desktop/RealEstateProject)
2026-03-25 22:32:44.940  INFO 2914 --- [           main] com.fdmgroup.RealEstateApp.UserTests     : No active profile set, falling back to default profiles: default
2026-03-25 22:32:45.013  INFO 2914 --- [           main] .s.d.r.c.RepositoryConfigurationDelegate : Bootstrapping Spring Data JPA repositories in DEFAULT mode.
2026-03-25 22:32:45.017  INFO 2914 --- [           main] .s.d.r.c.RepositoryConfigurationDelegate : Finished Spring Data repository scanning in 4 ms. Found 3 JPA repository interfaces.
2026-03-25 22:32:45.048  INFO 2914 --- [           main] com.zaxxer.hikari.HikariDataSource       : HikariPool-29 - Starting...
2026-03-25 22:32:45.049  INFO 2914 --- [           main] com.zaxxer.hikari.HikariDataSource       : HikariPool-29 - Start completed.
2026-03-25 22:32:45.054  INFO 2914 --- [           main] o.hibernate.jpa.internal.util.LogHelper  : HHH000204: Processing PersistenceUnitInfo [name: default]
2026-03-25 22:32:45.055  INFO 2914 --- [           main] org.hibernate.dialect.Dialect            : HHH000400: Using dialect: org.hibernate.dialect.H2Dialect
2026-03-25 22:32:45.077  INFO 2914 --- [           main] o.h.e.t.j.p.i.JtaPlatformInitiator       : HHH000490: Using JtaPlatform implementation: [org.hibernate.engine.transaction.jta.platform.internal.NoJtaPlatform]
2026-03-25 22:32:45.078  INFO 2914 --- [           main] j.LocalContainerEntityManagerFactoryBean : Initialized JPA EntityManagerFactory for persistence unit 'default'
2026-03-25 22:32:45.143  WARN 2914 --- [           main] JpaBaseConfiguration$JpaWebConfiguration : spring.jpa.open-in-view is enabled by default. Therefore, database queries may be performed during view rendering. Explicitly configure spring.jpa.open-in-view to disable this warning
2026-03-25 22:32:45.183  INFO 2914 --- [           main] o.s.s.concurrent.ThreadPoolTaskExecutor  : Initializing ExecutorService 'applicationTaskExecutor'
2026-03-25 22:32:45.282  INFO 2914 --- [           main] o.s.b.a.e.web.EndpointLinksResolver      : Exposing 2 endpoint(s) beneath base path '/actuator'
2026-03-25 22:32:45.293  INFO 2914 --- [           main] com.fdmgroup.RealEstateApp.UserTests     : Started UserTests in 0.358 seconds (JVM running for 17.715)
2026-03-25 22:32:45.297  INFO 2914 --- [           main] o.s.s.concurrent.ThreadPoolTaskExecutor  : Shutting down ExecutorService 'applicationTaskExecutor'
2026-03-25 22:32:45.297  INFO 2914 --- [           main] j.LocalContainerEntityManagerFactoryBean : Closing JPA EntityManagerFactory for persistence unit 'default'
2026-03-25 22:32:45.297  INFO 2914 --- [           main] .SchemaDropperImpl$DelayedDropActionImpl : HHH000477: Starting delayed evictData of schema as part of SessionFactory shut-down'
2026-03-25 22:32:45.298  INFO 2914 --- [           main] com.zaxxer.hikari.HikariDataSource       : HikariPool-29 - Shutdown initiated...
2026-03-25 22:32:45.299  INFO 2914 --- [           main] com.zaxxer.hikari.HikariDataSource       : HikariPool-29 - Shutdown completed.
]]></system-out>
  </testcase>
  <testcase name="testCheckAccountTypeInitialised" classname="com.fdmgroup.RealEstateApp.UserTests" time="0.007"/>
  <testcase name="testUserSetPhoneNumber" classname="com.fdmgroup.RealEstateApp.UserTests" time="0.004">
    <error message="No value present" type="java.util.NoSuchElementException">java.util.NoSuchElementException: No value present
	at com.fdmgroup.RealEstateApp.UserTests.testUserSetPhoneNumber(UserTests.java:98)
</error>
    <system-out><![CDATA[
  .   ____          _            __ _ _
 /\\ / ___'_ __ _ _(_)_ __  __ _ \ \ \ \
( ( )\___ | '_ | '_| | '_ \/ _` | \ \ \ \
 \\/  ___)| |_)| | | | | || (_| |  ) ) ) )
  '  |____| .__|_| |_|_| |_\__, | / / / /
 =========|_|==============|___/=/_/_/_/
 :: Spring Boot ::                (v2.4.4)

2026-03-25 22:32:45.722  INFO 2914 --- [           main] com.fdmgroup.RealEstateApp.UserTests     : Starting UserTests using Java 25 on Cristian-Beniamins-MacBook-Pro.local with PID 2914 (started by cristian-beniaminbalau in /Users/cristian-beniaminbalau/Desktop/RealEstateProject)
2026-03-25 22:32:45.722  INFO 2914 --- [           main] com.fdmgroup.RealEstateApp.UserTests     : No active profile set, falling back to default profiles: default
2026-03-25 22:32:45.793  INFO 2914 --- [           main] .s.d.r.c.RepositoryConfigurationDelegate : Bootstrapping Spring Data JPA repositories in DEFAULT mode.
2026-03-25 22:32:45.796  INFO 2914 --- [           main] .s.d.r.c.RepositoryConfigurationDelegate : Finished Spring Data repository scanning in 3 ms. Found 3 JPA repository interfaces.
2026-03-25 22:32:45.824  INFO 2914 --- [           main] com.zaxxer.hikari.HikariDataSource       : HikariPool-31 - Starting...
2026-03-25 22:32:45.825  INFO 2914 --- [           main] com.zaxxer.hikari.HikariDataSource       : HikariPool-31 - Start completed.
2026-03-25 22:32:45.829  INFO 2914 --- [           main] o.hibernate.jpa.internal.util.LogHelper  : HHH000204: Processing PersistenceUnitInfo [name: default]
2026-03-25 22:32:45.830  INFO 2914 --- [           main] org.hibernate.dialect.Dialect            : HHH000400: Using dialect: org.hibernate.dialect.H2Dialect
2026-03-25 22:32:45.855  INFO 2914 --- [           main] o.h.e.t.j.p.i.JtaPlatformInitiator       : HHH000490: Using JtaPlatform implementation: [org.hibernate.engine.transaction.jta.platform.internal.NoJtaPlatform]
2026-03-25 22:32:45.855  INFO 2914 --- [           main] j.LocalContainerEntityManagerFactoryBean : Initialized JPA EntityManagerFactory for persistence unit 'default'
2026-03-25 22:32:45.917  WARN 2914 --- [           main] JpaBaseConfiguration$JpaWebConfiguration : spring.jpa.open-in-view is enabled by default. Therefore, database queries may be performed during view rendering. Explicitly configure spring.jpa.open-in-view to disable this warning
2026-03-25 22:32:45.954  INFO 2914 --- [           main] o.s.s.concurrent.ThreadPoolTaskExecutor  : Initializing ExecutorService 'applicationTaskExecutor'
2026-03-25 22:32:46.051  INFO 2914 --- [           main] o.s.b.a.e.web.EndpointLinksResolver      : Exposing 2 endpoint(s) beneath base path '/actuator'
2026-03-25 22:32:46.062  INFO 2914 --- [           main] com.fdmgroup.RealEstateApp.UserTests     : Started UserTests in 0.346 seconds (JVM running for 18.484)
2026-03-25 22:32:46.066  INFO 2914 --- [           main] o.s.s.concurrent.ThreadPoolTaskExecutor  : Shutting down ExecutorService 'applicationTaskExecutor'
2026-03-25 22:32:46.066  INFO 2914 --- [           main] j.LocalContainerEntityManagerFactoryBean : Closing JPA EntityManagerFactory for persistence unit 'default'
2026-03-25 22:32:46.067  INFO 2914 --- [           main] .SchemaDropperImpl$DelayedDropActionImpl : HHH000477: Starting delayed evictData of schema as part of SessionFactory shut-down'
2026-03-25 22:32:46.067  INFO 2914 --- [           main] com.zaxxer.hikari.HikariDataSource       : HikariPool-31 - Shutdown initiated...
2026-03-25 22:32:46.068  INFO 2914 --- [           main] com.zaxxer.hikari.HikariDataSource       : HikariPool-31 - Shutdown completed.
]]></system-out>
  </testcase>
  <testcase name="testFindByUsernameAndPassword" classname="com.fdmgroup.RealEstateApp.UserTests" time="0.006">
    <error message="Cannot invoke &quot;com.fdmgroup.RealEstateApp.model.User.getEmail()&quot; because &quot;user&quot; is null" type="java.lang.NullPointerException">java.lang.NullPointerException: Cannot invoke "com.fdmgroup.RealEstateApp.model.User.getEmail()" because "user" is null
	at com.fdmgroup.RealEstateApp.UserTests.testFindByUsernameAndPassword(UserTests.java:129)
</error>
    <system-out><![CDATA[
  .   ____          _            __ _ _
 /\\ / ___'_ __ _ _(_)_ __  __ _ \ \ \ \
( ( )\___ | '_ | '_| | '_ \/ _` | \ \ \ \
 \\/  ___)| |_)| | | | | || (_| |  ) ) ) )
  '  |____| .__|_| |_|_| |_\__, | / / / /
 =========|_|==============|___/=/_/_/_/
 :: Spring Boot ::                (v2.4.4)

2026-03-25 22:32:46.074  INFO 2914 --- [           main] com.fdmgroup.RealEstateApp.UserTests     : Starting UserTests using Java 25 on Cristian-Beniamins-MacBook-Pro.local with PID 2914 (started by cristian-beniaminbalau in /Users/cristian-beniaminbalau/Desktop/RealEstateProject)
2026-03-25 22:32:46.075  INFO 2914 --- [           main] com.fdmgroup.RealEstateApp.UserTests     : No active profile set, falling back to default profiles: default
2026-03-25 22:32:46.152  INFO 2914 --- [           main] .s.d.r.c.RepositoryConfigurationDelegate : Bootstrapping Spring Data JPA repositories in DEFAULT mode.
2026-03-25 22:32:46.157  INFO 2914 --- [           main] .s.d.r.c.RepositoryConfigurationDelegate : Finished Spring Data repository scanning in 4 ms. Found 3 JPA repository interfaces.
2026-03-25 22:32:46.190  INFO 2914 --- [           main] com.zaxxer.hikari.HikariDataSource       : HikariPool-32 - Starting...
2026-03-25 22:32:46.191  INFO 2914 --- [           main] com.zaxxer.hikari.HikariDataSource       : HikariPool-32 - Start completed.
2026-03-25 22:32:46.196  INFO 2914 --- [           main] o.hibernate.jpa.internal.util.LogHelper  : HHH000204: Processing PersistenceUnitInfo [name: default]
2026-03-25 22:32:46.198  INFO 2914 --- [           main] org.hibernate.dialect.Dialect            : HHH000400: Using dialect: org.hibernate.dialect.H2Dialect
2026-03-25 22:32:46.222  INFO 2914 --- [           main] o.h.e.t.j.p.i.JtaPlatformInitiator       : HHH000490: Using JtaPlatform implementation: [org.hibernate.engine.transaction.jta.platform.internal.NoJtaPlatform]
2026-03-25 22:32:46.222  INFO 2914 --- [           main] j.LocalContainerEntityManagerFactoryBean : Initialized JPA EntityManagerFactory for persistence unit 'default'
2026-03-25 22:32:46.292  WARN 2914 --- [           main] JpaBaseConfiguration$JpaWebConfiguration : spring.jpa.open-in-view is enabled by default. Therefore, database queries may be performed during view rendering. Explicitly configure spring.jpa.open-in-view to disable this warning
2026-03-25 22:32:46.330  INFO 2914 --- [           main] o.s.s.concurrent.ThreadPoolTaskExecutor  : Initializing ExecutorService 'applicationTaskExecutor'
2026-03-25 22:32:46.431  INFO 2914 --- [           main] o.s.b.a.e.web.EndpointLinksResolver      : Exposing 2 endpoint(s) beneath base path '/actuator'
2026-03-25 22:32:46.443  INFO 2914 --- [           main] com.fdmgroup.RealEstateApp.UserTests     : Started UserTests in 0.373 seconds (JVM running for 18.864)
2026-03-25 22:32:46.447  INFO 2914 --- [           main] o.s.s.concurrent.ThreadPoolTaskExecutor  : Shutting down ExecutorService 'applicationTaskExecutor'
2026-03-25 22:32:46.448  INFO 2914 --- [           main] j.LocalContainerEntityManagerFactoryBean : Closing JPA EntityManagerFactory for persistence unit 'default'
2026-03-25 22:32:46.448  INFO 2914 --- [           main] .SchemaDropperImpl$DelayedDropActionImpl : HHH000477: Starting delayed evictData of schema as part of SessionFactory shut-down'
2026-03-25 22:32:46.449  INFO 2914 --- [           main] com.zaxxer.hikari.HikariDataSource       : HikariPool-32 - Shutdown initiated...
2026-03-25 22:32:46.449  INFO 2914 --- [           main] com.zaxxer.hikari.HikariDataSource       : HikariPool-32 - Shutdown completed.
]]></system-out>
  </testcase>
  <testcase name="testGetByLastName" classname="com.fdmgroup.RealEstateApp.UserTests" time="0.006"/>
  <testcase name="testFindAllUsers" classname="com.fdmgroup.RealEstateApp.UserTests" time="0.004">
    <failure message="expected: &lt;true&gt; but was: &lt;false&gt;" type="org.opentest4j.AssertionFailedError"><![CDATA[org.opentest4j.AssertionFailedError: expected: <true> but was: <false>
	at com.fdmgroup.RealEstateApp.UserTests.testFindAllUsers(UserTests.java:123)
]]></failure>
    <system-out><![CDATA[
  .   ____          _            __ _ _
 /\\ / ___'_ __ _ _(_)_ __  __ _ \ \ \ \
( ( )\___ | '_ | '_| | '_ \/ _` | \ \ \ \
 \\/  ___)| |_)| | | | | || (_| |  ) ) ) )
  '  |____| .__|_| |_|_| |_\__, | / / / /
 =========|_|==============|___/=/_/_/_/
 :: Spring Boot ::                (v2.4.4)

2026-03-25 22:32:46.823  INFO 2914 --- [           main] com.fdmgroup.RealEstateApp.UserTests     : Starting UserTests using Java 25 on Cristian-Beniamins-MacBook-Pro.local with PID 2914 (started by cristian-beniaminbalau in /Users/cristian-beniaminbalau/Desktop/RealEstateProject)
2026-03-25 22:32:46.823  INFO 2914 --- [           main] com.fdmgroup.RealEstateApp.UserTests     : No active profile set, falling back to default profiles: default
2026-03-25 22:32:46.898  INFO 2914 --- [           main] .s.d.r.c.RepositoryConfigurationDelegate : Bootstrapping Spring Data JPA repositories in DEFAULT mode.
2026-03-25 22:32:46.903  INFO 2914 --- [           main] .s.d.r.c.RepositoryConfigurationDelegate : Finished Spring Data repository scanning in 4 ms. Found 3 JPA repository interfaces.
2026-03-25 22:32:46.935  INFO 2914 --- [           main] com.zaxxer.hikari.HikariDataSource       : HikariPool-34 - Starting...
2026-03-25 22:32:46.935  INFO 2914 --- [           main] com.zaxxer.hikari.HikariDataSource       : HikariPool-34 - Start completed.
2026-03-25 22:32:46.940  INFO 2914 --- [           main] o.hibernate.jpa.internal.util.LogHelper  : HHH000204: Processing PersistenceUnitInfo [name: default]
2026-03-25 22:32:46.942  INFO 2914 --- [           main] org.hibernate.dialect.Dialect            : HHH000400: Using dialect: org.hibernate.dialect.H2Dialect
2026-03-25 22:32:46.964  INFO 2914 --- [           main] o.h.e.t.j.p.i.JtaPlatformInitiator       : HHH000490: Using JtaPlatform implementation: [org.hibernate.engine.transaction.jta.platform.internal.NoJtaPlatform]
2026-03-25 22:32:46.965  INFO 2914 --- [           main] j.LocalContainerEntityManagerFactoryBean : Initialized JPA EntityManagerFactory for persistence unit 'default'
2026-03-25 22:32:47.033  WARN 2914 --- [           main] JpaBaseConfiguration$JpaWebConfiguration : spring.jpa.open-in-view is enabled by default. Therefore, database queries may be performed during view rendering. Explicitly configure spring.jpa.open-in-view to disable this warning
2026-03-25 22:32:47.072  INFO 2914 --- [           main] o.s.s.concurrent.ThreadPoolTaskExecutor  : Initializing ExecutorService 'applicationTaskExecutor'
2026-03-25 22:32:47.178  INFO 2914 --- [           main] o.s.b.a.e.web.EndpointLinksResolver      : Exposing 2 endpoint(s) beneath base path '/actuator'
2026-03-25 22:32:47.190  INFO 2914 --- [           main] com.fdmgroup.RealEstateApp.UserTests     : Started UserTests in 0.372 seconds (JVM running for 19.611)
2026-03-25 22:32:47.194  INFO 2914 --- [           main] o.s.s.concurrent.ThreadPoolTaskExecutor  : Shutting down ExecutorService 'applicationTaskExecutor'
2026-03-25 22:32:47.194  INFO 2914 --- [           main] j.LocalContainerEntityManagerFactoryBean : Closing JPA EntityManagerFactory for persistence unit 'default'
2026-03-25 22:32:47.194  INFO 2914 --- [           main] .SchemaDropperImpl$DelayedDropActionImpl : HHH000477: Starting delayed evictData of schema as part of SessionFactory shut-down'
2026-03-25 22:32:47.195  INFO 2914 --- [           main] com.zaxxer.hikari.HikariDataSource       : HikariPool-34 - Shutdown initiated...
2026-03-25 22:32:47.195  INFO 2914 --- [           main] com.zaxxer.hikari.HikariDataSource       : HikariPool-34 - Shutdown completed.
]]></system-out>
  </testcase>
  <testcase name="testUpdateUser" classname="com.fdmgroup.RealEstateApp.UserTests" time="0.005">
    <error message="Cannot invoke &quot;com.fdmgroup.RealEstateApp.model.User.setPassword(String)&quot; because &quot;user&quot; is null" type="java.lang.NullPointerException">java.lang.NullPointerException: Cannot invoke "com.fdmgroup.RealEstateApp.model.User.setPassword(String)" because "user" is null
	at com.fdmgroup.RealEstateApp.UserTests.testUpdateUser(UserTests.java:141)
</error>
    <system-out><![CDATA[
  .   ____          _            __ _ _
 /\\ / ___'_ __ _ _(_)_ __  __ _ \ \ \ \
( ( )\___ | '_ | '_| | '_ \/ _` | \ \ \ \
 \\/  ___)| |_)| | | | | || (_| |  ) ) ) )
  '  |____| .__|_| |_|_| |_\__, | / / / /
 =========|_|==============|___/=/_/_/_/
 :: Spring Boot ::                (v2.4.4)

2026-03-25 22:32:47.201  INFO 2914 --- [           main] com.fdmgroup.RealEstateApp.UserTests     : Starting UserTests using Java 25 on Cristian-Beniamins-MacBook-Pro.local with PID 2914 (started by cristian-beniaminbalau in /Users/cristian-beniaminbalau/Desktop/RealEstateProject)
2026-03-25 22:32:47.201  INFO 2914 --- [           main] com.fdmgroup.RealEstateApp.UserTests     : No active profile set, falling back to default profiles: default
2026-03-25 22:32:47.269  INFO 2914 --- [           main] .s.d.r.c.RepositoryConfigurationDelegate : Bootstrapping Spring Data JPA repositories in DEFAULT mode.
2026-03-25 22:32:47.273  INFO 2914 --- [           main] .s.d.r.c.RepositoryConfigurationDelegate : Finished Spring Data repository scanning in 3 ms. Found 3 JPA repository interfaces.
2026-03-25 22:32:47.303  INFO 2914 --- [           main] com.zaxxer.hikari.HikariDataSource       : HikariPool-35 - Starting...
2026-03-25 22:32:47.303  INFO 2914 --- [           main] com.zaxxer.hikari.HikariDataSource       : HikariPool-35 - Start completed.
2026-03-25 22:32:47.307  INFO 2914 --- [           main] o.hibernate.jpa.internal.util.LogHelper  : HHH000204: Processing PersistenceUnitInfo [name: default]
2026-03-25 22:32:47.309  INFO 2914 --- [           main] org.hibernate.dialect.Dialect            : HHH000400: Using dialect: org.hibernate.dialect.H2Dialect
2026-03-25 22:32:47.329  INFO 2914 --- [           main] o.h.e.t.j.p.i.JtaPlatformInitiator       : HHH000490: Using JtaPlatform implementation: [org.hibernate.engine.transaction.jta.platform.internal.NoJtaPlatform]
2026-03-25 22:32:47.329  INFO 2914 --- [           main] j.LocalContainerEntityManagerFactoryBean : Initialized JPA EntityManagerFactory for persistence unit 'default'
2026-03-25 22:32:47.397  WARN 2914 --- [           main] JpaBaseConfiguration$JpaWebConfiguration : spring.jpa.open-in-view is enabled by default. Therefore, database queries may be performed during view rendering. Explicitly configure spring.jpa.open-in-view to disable this warning
2026-03-25 22:32:47.434  INFO 2914 --- [           main] o.s.s.concurrent.ThreadPoolTaskExecutor  : Initializing ExecutorService 'applicationTaskExecutor'
2026-03-25 22:32:47.530  INFO 2914 --- [           main] o.s.b.a.e.web.EndpointLinksResolver      : Exposing 2 endpoint(s) beneath base path '/actuator'
2026-03-25 22:32:47.541  INFO 2914 --- [           main] com.fdmgroup.RealEstateApp.UserTests     : Started UserTests in 0.344 seconds (JVM running for 19.962)
2026-03-25 22:32:47.545  INFO 2914 --- [           main] o.s.s.concurrent.ThreadPoolTaskExecutor  : Shutting down ExecutorService 'applicationTaskExecutor'
2026-03-25 22:32:47.545  INFO 2914 --- [           main] j.LocalContainerEntityManagerFactoryBean : Closing JPA EntityManagerFactory for persistence unit 'default'
2026-03-25 22:32:47.545  INFO 2914 --- [           main] .SchemaDropperImpl$DelayedDropActionImpl : HHH000477: Starting delayed evictData of schema as part of SessionFactory shut-down'
2026-03-25 22:32:47.546  INFO 2914 --- [           main] com.zaxxer.hikari.HikariDataSource       : HikariPool-35 - Shutdown initiated...
2026-03-25 22:32:47.547  INFO 2914 --- [           main] com.zaxxer.hikari.HikariDataSource       : HikariPool-35 - Shutdown completed.
]]></system-out>
  </testcase>
  <testcase name="testUserFindById" classname="com.fdmgroup.RealEstateApp.UserTests" time="0.004">
    <error message="No value present" type="java.util.NoSuchElementException">java.util.NoSuchElementException: No value present
	at com.fdmgroup.RealEstateApp.UserTests.testUserFindById(UserTests.java:57)
</error>
    <system-out><![CDATA[
  .   ____          _            __ _ _
 /\\ / ___'_ __ _ _(_)_ __  __ _ \ \ \ \
( ( )\___ | '_ | '_| | '_ \/ _` | \ \ \ \
 \\/  ___)| |_)| | | | | || (_| |  ) ) ) )
  '  |____| .__|_| |_|_| |_\__, | / / / /
 =========|_|==============|___/=/_/_/_/
 :: Spring Boot ::                (v2.4.4)

2026-03-25 22:32:47.553  INFO 2914 --- [           main] com.fdmgroup.RealEstateApp.UserTests     : Starting UserTests using Java 25 on Cristian-Beniamins-MacBook-Pro.local with PID 2914 (started by cristian-beniaminbalau in /Users/cristian-beniaminbalau/Desktop/RealEstateProject)
2026-03-25 22:32:47.553  INFO 2914 --- [           main] com.fdmgroup.RealEstateApp.UserTests     : No active profile set, falling back to default profiles: default
2026-03-25 22:32:47.619  INFO 2914 --- [           main] .s.d.r.c.RepositoryConfigurationDelegate : Bootstrapping Spring Data JPA repositories in DEFAULT mode.
2026-03-25 22:32:47.623  INFO 2914 --- [           main] .s.d.r.c.RepositoryConfigurationDelegate : Finished Spring Data repository scanning in 3 ms. Found 3 JPA repository interfaces.
2026-03-25 22:32:47.654  INFO 2914 --- [           main] com.zaxxer.hikari.HikariDataSource       : HikariPool-36 - Starting...
2026-03-25 22:32:47.654  INFO 2914 --- [           main] com.zaxxer.hikari.HikariDataSource       : HikariPool-36 - Start completed.
2026-03-25 22:32:47.658  INFO 2914 --- [           main] o.hibernate.jpa.internal.util.LogHelper  : HHH000204: Processing PersistenceUnitInfo [name: default]
2026-03-25 22:32:47.660  INFO 2914 --- [           main] org.hibernate.dialect.Dialect            : HHH000400: Using dialect: org.hibernate.dialect.H2Dialect
2026-03-25 22:32:47.680  INFO 2914 --- [           main] o.h.e.t.j.p.i.JtaPlatformInitiator       : HHH000490: Using JtaPlatform implementation: [org.hibernate.engine.transaction.jta.platform.internal.NoJtaPlatform]
2026-03-25 22:32:47.680  INFO 2914 --- [           main] j.LocalContainerEntityManagerFactoryBean : Initialized JPA EntityManagerFactory for persistence unit 'default'
2026-03-25 22:32:47.746  WARN 2914 --- [           main] JpaBaseConfiguration$JpaWebConfiguration : spring.jpa.open-in-view is enabled by default. Therefore, database queries may be performed during view rendering. Explicitly configure spring.jpa.open-in-view to disable this warning
2026-03-25 22:32:47.783  INFO 2914 --- [           main] o.s.s.concurrent.ThreadPoolTaskExecutor  : Initializing ExecutorService 'applicationTaskExecutor'
2026-03-25 22:32:47.881  INFO 2914 --- [           main] o.s.b.a.e.web.EndpointLinksResolver      : Exposing 2 endpoint(s) beneath base path '/actuator'
2026-03-25 22:32:47.893  INFO 2914 --- [           main] com.fdmgroup.RealEstateApp.UserTests     : Started UserTests in 0.345 seconds (JVM running for 20.314)
2026-03-25 22:32:47.896  INFO 2914 --- [           main] o.s.s.concurrent.ThreadPoolTaskExecutor  : Shutting down ExecutorService 'applicationTaskExecutor'
2026-03-25 22:32:47.896  INFO 2914 --- [           main] j.LocalContainerEntityManagerFactoryBean : Closing JPA EntityManagerFactory for persistence unit 'default'
2026-03-25 22:32:47.897  INFO 2914 --- [           main] .SchemaDropperImpl$DelayedDropActionImpl : HHH000477: Starting delayed evictData of schema as part of SessionFactory shut-down'
2026-03-25 22:32:47.897  INFO 2914 --- [           main] com.zaxxer.hikari.HikariDataSource       : HikariPool-36 - Shutdown initiated...
2026-03-25 22:32:47.898  INFO 2914 --- [           main] com.zaxxer.hikari.HikariDataSource       : HikariPool-36 - Shutdown completed.
]]></system-out>
  </testcase>
  <testcase name="testSetUserByUsername" classname="com.fdmgroup.RealEstateApp.UserTests" time="0.004">
    <error message="No value present" type="java.util.NoSuchElementException">java.util.NoSuchElementException: No value present
	at com.fdmgroup.RealEstateApp.UserTests.testSetUserByUsername(UserTests.java:117)
</error>
    <system-out><![CDATA[
  .   ____          _            __ _ _
 /\\ / ___'_ __ _ _(_)_ __  __ _ \ \ \ \
( ( )\___ | '_ | '_| | '_ \/ _` | \ \ \ \
 \\/  ___)| |_)| | | | | || (_| |  ) ) ) )
  '  |____| .__|_| |_|_| |_\__, | / / / /
 =========|_|==============|___/=/_/_/_/
 :: Spring Boot ::                (v2.4.4)

2026-03-25 22:32:47.904  INFO 2914 --- [           main] com.fdmgroup.RealEstateApp.UserTests     : Starting UserTests using Java 25 on Cristian-Beniamins-MacBook-Pro.local with PID 2914 (started by cristian-beniaminbalau in /Users/cristian-beniaminbalau/Desktop/RealEstateProject)
2026-03-25 22:32:47.904  INFO 2914 --- [           main] com.fdmgroup.RealEstateApp.UserTests     : No active profile set, falling back to default profiles: default
2026-03-25 22:32:47.988  INFO 2914 --- [           main] .s.d.r.c.RepositoryConfigurationDelegate : Bootstrapping Spring Data JPA repositories in DEFAULT mode.
2026-03-25 22:32:47.993  INFO 2914 --- [           main] .s.d.r.c.RepositoryConfigurationDelegate : Finished Spring Data repository scanning in 4 ms. Found 3 JPA repository interfaces.
2026-03-25 22:32:48.040  INFO 2914 --- [           main] com.zaxxer.hikari.HikariDataSource       : HikariPool-37 - Starting...
2026-03-25 22:32:48.042  INFO 2914 --- [           main] com.zaxxer.hikari.HikariDataSource       : HikariPool-37 - Start completed.
2026-03-25 22:32:48.047  INFO 2914 --- [           main] o.hibernate.jpa.internal.util.LogHelper  : HHH000204: Processing PersistenceUnitInfo [name: default]
2026-03-25 22:32:48.049  INFO 2914 --- [           main] org.hibernate.dialect.Dialect            : HHH000400: Using dialect: org.hibernate.dialect.H2Dialect
2026-03-25 22:32:48.072  INFO 2914 --- [           main] o.h.e.t.j.p.i.JtaPlatformInitiator       : HHH000490: Using JtaPlatform implementation: [org.hibernate.engine.transaction.jta.platform.internal.NoJtaPlatform]
2026-03-25 22:32:48.073  INFO 2914 --- [           main] j.LocalContainerEntityManagerFactoryBean : Initialized JPA EntityManagerFactory for persistence unit 'default'
2026-03-25 22:32:48.137  WARN 2914 --- [           main] JpaBaseConfiguration$JpaWebConfiguration : spring.jpa.open-in-view is enabled by default. Therefore, database queries may be performed during view rendering. Explicitly configure spring.jpa.open-in-view to disable this warning
2026-03-25 22:32:48.175  INFO 2914 --- [           main] o.s.s.concurrent.ThreadPoolTaskExecutor  : Initializing ExecutorService 'applicationTaskExecutor'
2026-03-25 22:32:48.283  INFO 2914 --- [           main] o.s.b.a.e.web.EndpointLinksResolver      : Exposing 2 endpoint(s) beneath base path '/actuator'
2026-03-25 22:32:48.295  INFO 2914 --- [           main] com.fdmgroup.RealEstateApp.UserTests     : Started UserTests in 0.396 seconds (JVM running for 20.716)
2026-03-25 22:32:48.298  INFO 2914 --- [           main] o.s.s.concurrent.ThreadPoolTaskExecutor  : Shutting down ExecutorService 'applicationTaskExecutor'
2026-03-25 22:32:48.299  INFO 2914 --- [           main] j.LocalContainerEntityManagerFactoryBean : Closing JPA EntityManagerFactory for persistence unit 'default'
2026-03-25 22:32:48.299  INFO 2914 --- [           main] .SchemaDropperImpl$DelayedDropActionImpl : HHH000477: Starting delayed evictData of schema as part of SessionFactory shut-down'
2026-03-25 22:32:48.300  INFO 2914 --- [           main] com.zaxxer.hikari.HikariDataSource       : HikariPool-37 - Shutdown initiated...
2026-03-25 22:32:48.300  INFO 2914 --- [           main] com.zaxxer.hikari.HikariDataSource       : HikariPool-37 - Shutdown completed.
]]></system-out>
  </testcase>
  <testcase name="testCreateByUsernameAndPassword" classname="com.fdmgroup.RealEstateApp.UserTests" time="0.003"/>
  <testcase name="testUserSetFirstName" classname="com.fdmgroup.RealEstateApp.UserTests" time="0.005">
    <error message="No value present" type="java.util.NoSuchElementException">java.util.NoSuchElementException: No value present
	at com.fdmgroup.RealEstateApp.UserTests.testUserSetFirstName(UserTests.java:84)
</error>
    <system-out><![CDATA[
  .   ____          _            __ _ _
 /\\ / ___'_ __ _ _(_)_ __  __ _ \ \ \ \
( ( )\___ | '_ | '_| | '_ \/ _` | \ \ \ \
 \\/  ___)| |_)| | | | | || (_| |  ) ) ) )
  '  |____| .__|_| |_|_| |_\__, | / / / /
 =========|_|==============|___/=/_/_/_/
 :: Spring Boot ::                (v2.4.4)

2026-03-25 22:32:48.650  INFO 2914 --- [           main] com.fdmgroup.RealEstateApp.UserTests     : Starting UserTests using Java 25 on Cristian-Beniamins-MacBook-Pro.local with PID 2914 (started by cristian-beniaminbalau in /Users/cristian-beniaminbalau/Desktop/RealEstateProject)
2026-03-25 22:32:48.651  INFO 2914 --- [           main] com.fdmgroup.RealEstateApp.UserTests     : No active profile set, falling back to default profiles: default
2026-03-25 22:32:48.713  INFO 2914 --- [           main] .s.d.r.c.RepositoryConfigurationDelegate : Bootstrapping Spring Data JPA repositories in DEFAULT mode.
2026-03-25 22:32:48.717  INFO 2914 --- [           main] .s.d.r.c.RepositoryConfigurationDelegate : Finished Spring Data repository scanning in 3 ms. Found 3 JPA repository interfaces.
2026-03-25 22:32:48.744  INFO 2914 --- [           main] com.zaxxer.hikari.HikariDataSource       : HikariPool-39 - Starting...
2026-03-25 22:32:48.745  INFO 2914 --- [           main] com.zaxxer.hikari.HikariDataSource       : HikariPool-39 - Start completed.
2026-03-25 22:32:48.749  INFO 2914 --- [           main] o.hibernate.jpa.internal.util.LogHelper  : HHH000204: Processing PersistenceUnitInfo [name: default]
2026-03-25 22:32:48.750  INFO 2914 --- [           main] org.hibernate.dialect.Dialect            : HHH000400: Using dialect: org.hibernate.dialect.H2Dialect
2026-03-25 22:32:48.769  INFO 2914 --- [           main] o.h.e.t.j.p.i.JtaPlatformInitiator       : HHH000490: Using JtaPlatform implementation: [org.hibernate.engine.transaction.jta.platform.internal.NoJtaPlatform]
2026-03-25 22:32:48.769  INFO 2914 --- [           main] j.LocalContainerEntityManagerFactoryBean : Initialized JPA EntityManagerFactory for persistence unit 'default'
2026-03-25 22:32:48.830  WARN 2914 --- [           main] JpaBaseConfiguration$JpaWebConfiguration : spring.jpa.open-in-view is enabled by default. Therefore, database queries may be performed during view rendering. Explicitly configure spring.jpa.open-in-view to disable this warning
2026-03-25 22:32:48.866  INFO 2914 --- [           main] o.s.s.concurrent.ThreadPoolTaskExecutor  : Initializing ExecutorService 'applicationTaskExecutor'
2026-03-25 22:32:48.960  INFO 2914 --- [           main] o.s.b.a.e.web.EndpointLinksResolver      : Exposing 2 endpoint(s) beneath base path '/actuator'
2026-03-25 22:32:48.971  INFO 2914 --- [           main] com.fdmgroup.RealEstateApp.UserTests     : Started UserTests in 0.325 seconds (JVM running for 21.392)
2026-03-25 22:32:48.974  INFO 2914 --- [           main] o.s.s.concurrent.ThreadPoolTaskExecutor  : Shutting down ExecutorService 'applicationTaskExecutor'
2026-03-25 22:32:48.974  INFO 2914 --- [           main] j.LocalContainerEntityManagerFactoryBean : Closing JPA EntityManagerFactory for persistence unit 'default'
2026-03-25 22:32:48.974  INFO 2914 --- [           main] .SchemaDropperImpl$DelayedDropActionImpl : HHH000477: Starting delayed evictData of schema as part of SessionFactory shut-down'
2026-03-25 22:32:48.975  INFO 2914 --- [           main] com.zaxxer.hikari.HikariDataSource       : HikariPool-39 - Shutdown initiated...
2026-03-25 22:32:48.976  INFO 2914 --- [           main] com.zaxxer.hikari.HikariDataSource       : HikariPool-39 - Shutdown completed.
]]></system-out>
  </testcase>
  <testcase name="testCheckPhoneNumberSetCorrectly" classname="com.fdmgroup.RealEstateApp.UserTests" time="0.005"/>
  <testcase name="testUserSetAccountType" classname="com.fdmgroup.RealEstateApp.UserTests" time="0.004">
    <error message="No value present" type="java.util.NoSuchElementException">java.util.NoSuchElementException: No value present
	at com.fdmgroup.RealEstateApp.UserTests.testUserSetAccountType(UserTests.java:70)
</error>
    <system-out><![CDATA[
  .   ____          _            __ _ _
 /\\ / ___'_ __ _ _(_)_ __  __ _ \ \ \ \
( ( )\___ | '_ | '_| | '_ \/ _` | \ \ \ \
 \\/  ___)| |_)| | | | | || (_| |  ) ) ) )
  '  |____| .__|_| |_|_| |_\__, | / / / /
 =========|_|==============|___/=/_/_/_/
 :: Spring Boot ::                (v2.4.4)

2026-03-25 22:32:49.326  INFO 2914 --- [           main] com.fdmgroup.RealEstateApp.UserTests     : Starting UserTests using Java 25 on Cristian-Beniamins-MacBook-Pro.local with PID 2914 (started by cristian-beniaminbalau in /Users/cristian-beniaminbalau/Desktop/RealEstateProject)
2026-03-25 22:32:49.326  INFO 2914 --- [           main] com.fdmgroup.RealEstateApp.UserTests     : No active profile set, falling back to default profiles: default
2026-03-25 22:32:49.389  INFO 2914 --- [           main] .s.d.r.c.RepositoryConfigurationDelegate : Bootstrapping Spring Data JPA repositories in DEFAULT mode.
2026-03-25 22:32:49.393  INFO 2914 --- [           main] .s.d.r.c.RepositoryConfigurationDelegate : Finished Spring Data repository scanning in 3 ms. Found 3 JPA repository interfaces.
2026-03-25 22:32:49.422  INFO 2914 --- [           main] com.zaxxer.hikari.HikariDataSource       : HikariPool-41 - Starting...
2026-03-25 22:32:49.423  INFO 2914 --- [           main] com.zaxxer.hikari.HikariDataSource       : HikariPool-41 - Start completed.
2026-03-25 22:32:49.427  INFO 2914 --- [           main] o.hibernate.jpa.internal.util.LogHelper  : HHH000204: Processing PersistenceUnitInfo [name: default]
2026-03-25 22:32:49.428  INFO 2914 --- [           main] org.hibernate.dialect.Dialect            : HHH000400: Using dialect: org.hibernate.dialect.H2Dialect
2026-03-25 22:32:49.447  INFO 2914 --- [           main] o.h.e.t.j.p.i.JtaPlatformInitiator       : HHH000490: Using JtaPlatform implementation: [org.hibernate.engine.transaction.jta.platform.internal.NoJtaPlatform]
2026-03-25 22:32:49.447  INFO 2914 --- [           main] j.LocalContainerEntityManagerFactoryBean : Initialized JPA EntityManagerFactory for persistence unit 'default'
2026-03-25 22:32:49.509  WARN 2914 --- [           main] JpaBaseConfiguration$JpaWebConfiguration : spring.jpa.open-in-view is enabled by default. Therefore, database queries may be performed during view rendering. Explicitly configure spring.jpa.open-in-view to disable this warning
2026-03-25 22:32:49.545  INFO 2914 --- [           main] o.s.s.concurrent.ThreadPoolTaskExecutor  : Initializing ExecutorService 'applicationTaskExecutor'
2026-03-25 22:32:49.639  INFO 2914 --- [           main] o.s.b.a.e.web.EndpointLinksResolver      : Exposing 2 endpoint(s) beneath base path '/actuator'
2026-03-25 22:32:49.650  INFO 2914 --- [           main] com.fdmgroup.RealEstateApp.UserTests     : Started UserTests in 0.331 seconds (JVM running for 22.071)
2026-03-25 22:32:49.653  INFO 2914 --- [           main] o.s.s.concurrent.ThreadPoolTaskExecutor  : Shutting down ExecutorService 'applicationTaskExecutor'
2026-03-25 22:32:49.653  INFO 2914 --- [           main] j.LocalContainerEntityManagerFactoryBean : Closing JPA EntityManagerFactory for persistence unit 'default'
2026-03-25 22:32:49.653  INFO 2914 --- [           main] .SchemaDropperImpl$DelayedDropActionImpl : HHH000477: Starting delayed evictData of schema as part of SessionFactory shut-down'
2026-03-25 22:32:49.654  INFO 2914 --- [           main] com.zaxxer.hikari.HikariDataSource       : HikariPool-41 - Shutdown initiated...
2026-03-25 22:32:49.655  INFO 2914 --- [           main] com.zaxxer.hikari.HikariDataSource       : HikariPool-41 - Shutdown completed.
]]></system-out>
  </testcase>
  <testcase name="testUserDelete" classname="com.fdmgroup.RealEstateApp.UserTests" time="0.006">
    <error message="Entity must not be null!; nested exception is java.lang.IllegalArgumentException: Entity must not be null!" type="org.springframework.dao.InvalidDataAccessApiUsageException">org.springframework.dao.InvalidDataAccessApiUsageException: Entity must not be null!; nested exception is java.lang.IllegalArgumentException: Entity must not be null!
	at com.fdmgroup.RealEstateApp.UserTests.testUserDelete(UserTests.java:149)
Caused by: java.lang.IllegalArgumentException: Entity must not be null!
	at com.fdmgroup.RealEstateApp.UserTests.testUserDelete(UserTests.java:149)
</error>
    <system-out><![CDATA[
  .   ____          _            __ _ _
 /\\ / ___'_ __ _ _(_)_ __  __ _ \ \ \ \
( ( )\___ | '_ | '_| | '_ \/ _` | \ \ \ \
 \\/  ___)| |_)| | | | | || (_| |  ) ) ) )
  '  |____| .__|_| |_|_| |_\__, | / / / /
 =========|_|==============|___/=/_/_/_/
 :: Spring Boot ::                (v2.4.4)

2026-03-25 22:32:49.661  INFO 2914 --- [           main] com.fdmgroup.RealEstateApp.UserTests     : Starting UserTests using Java 25 on Cristian-Beniamins-MacBook-Pro.local with PID 2914 (started by cristian-beniaminbalau in /Users/cristian-beniaminbalau/Desktop/RealEstateProject)
2026-03-25 22:32:49.661  INFO 2914 --- [           main] com.fdmgroup.RealEstateApp.UserTests     : No active profile set, falling back to default profiles: default
2026-03-25 22:32:49.739  INFO 2914 --- [           main] .s.d.r.c.RepositoryConfigurationDelegate : Bootstrapping Spring Data JPA repositories in DEFAULT mode.
2026-03-25 22:32:49.744  INFO 2914 --- [           main] .s.d.r.c.RepositoryConfigurationDelegate : Finished Spring Data repository scanning in 4 ms. Found 3 JPA repository interfaces.
2026-03-25 22:32:49.787  INFO 2914 --- [           main] com.zaxxer.hikari.HikariDataSource       : HikariPool-42 - Starting...
2026-03-25 22:32:49.791  INFO 2914 --- [           main] com.zaxxer.hikari.HikariDataSource       : HikariPool-42 - Start completed.
2026-03-25 22:32:49.797  INFO 2914 --- [           main] o.hibernate.jpa.internal.util.LogHelper  : HHH000204: Processing PersistenceUnitInfo [name: default]
2026-03-25 22:32:49.799  INFO 2914 --- [           main] org.hibernate.dialect.Dialect            : HHH000400: Using dialect: org.hibernate.dialect.H2Dialect
2026-03-25 22:32:49.820  INFO 2914 --- [           main] o.h.e.t.j.p.i.JtaPlatformInitiator       : HHH000490: Using JtaPlatform implementation: [org.hibernate.engine.transaction.jta.platform.internal.NoJtaPlatform]
2026-03-25 22:32:49.820  INFO 2914 --- [           main] j.LocalContainerEntityManagerFactoryBean : Initialized JPA EntityManagerFactory for persistence unit 'default'
2026-03-25 22:32:49.881  WARN 2914 --- [           main] JpaBaseConfiguration$JpaWebConfiguration : spring.jpa.open-in-view is enabled by default. Therefore, database queries may be performed during view rendering. Explicitly configure spring.jpa.open-in-view to disable this warning
2026-03-25 22:32:49.917  INFO 2914 --- [           main] o.s.s.concurrent.ThreadPoolTaskExecutor  : Initializing ExecutorService 'applicationTaskExecutor'
2026-03-25 22:32:50.010  INFO 2914 --- [           main] o.s.b.a.e.web.EndpointLinksResolver      : Exposing 2 endpoint(s) beneath base path '/actuator'
2026-03-25 22:32:50.021  INFO 2914 --- [           main] com.fdmgroup.RealEstateApp.UserTests     : Started UserTests in 0.365 seconds (JVM running for 22.442)
2026-03-25 22:32:50.026  INFO 2914 --- [           main] o.s.s.concurrent.ThreadPoolTaskExecutor  : Shutting down ExecutorService 'applicationTaskExecutor'
2026-03-25 22:32:50.026  INFO 2914 --- [           main] j.LocalContainerEntityManagerFactoryBean : Closing JPA EntityManagerFactory for persistence unit 'default'
2026-03-25 22:32:50.026  INFO 2914 --- [           main] .SchemaDropperImpl$DelayedDropActionImpl : HHH000477: Starting delayed evictData of schema as part of SessionFactory shut-down'
2026-03-25 22:32:50.027  INFO 2914 --- [           main] com.zaxxer.hikari.HikariDataSource       : HikariPool-42 - Shutdown initiated...
2026-03-25 22:32:50.027  INFO 2914 --- [           main] com.zaxxer.hikari.HikariDataSource       : HikariPool-42 - Shutdown completed.
]]></system-out>
  </testcase>
  <testcase name="testFindUserByEmail" classname="com.fdmgroup.RealEstateApp.UserTests" time="0.005">
    <error message="Cannot invoke &quot;com.fdmgroup.RealEstateApp.model.User.getUserName()&quot; because &quot;user&quot; is null" type="java.lang.NullPointerException">java.lang.NullPointerException: Cannot invoke "com.fdmgroup.RealEstateApp.model.User.getUserName()" because "user" is null
	at com.fdmgroup.RealEstateApp.UserTests.testFindUserByEmail(UserTests.java:105)
</error>
    <system-out><![CDATA[
  .   ____          _            __ _ _
 /\\ / ___'_ __ _ _(_)_ __  __ _ \ \ \ \
( ( )\___ | '_ | '_| | '_ \/ _` | \ \ \ \
 \\/  ___)| |_)| | | | | || (_| |  ) ) ) )
  '  |____| .__|_| |_|_| |_\__, | / / / /
 =========|_|==============|___/=/_/_/_/
 :: Spring Boot ::                (v2.4.4)

2026-03-25 22:32:50.034  INFO 2914 --- [           main] com.fdmgroup.RealEstateApp.UserTests     : Starting UserTests using Java 25 on Cristian-Beniamins-MacBook-Pro.local with PID 2914 (started by cristian-beniaminbalau in /Users/cristian-beniaminbalau/Desktop/RealEstateProject)
2026-03-25 22:32:50.034  INFO 2914 --- [           main] com.fdmgroup.RealEstateApp.UserTests     : No active profile set, falling back to default profiles: default
2026-03-25 22:32:50.100  INFO 2914 --- [           main] .s.d.r.c.RepositoryConfigurationDelegate : Bootstrapping Spring Data JPA repositories in DEFAULT mode.
2026-03-25 22:32:50.104  INFO 2914 --- [           main] .s.d.r.c.RepositoryConfigurationDelegate : Finished Spring Data repository scanning in 4 ms. Found 3 JPA repository interfaces.
2026-03-25 22:32:50.132  INFO 2914 --- [           main] com.zaxxer.hikari.HikariDataSource       : HikariPool-43 - Starting...
2026-03-25 22:32:50.132  INFO 2914 --- [           main] com.zaxxer.hikari.HikariDataSource       : HikariPool-43 - Start completed.
2026-03-25 22:32:50.136  INFO 2914 --- [           main] o.hibernate.jpa.internal.util.LogHelper  : HHH000204: Processing PersistenceUnitInfo [name: default]
2026-03-25 22:32:50.138  INFO 2914 --- [           main] org.hibernate.dialect.Dialect            : HHH000400: Using dialect: org.hibernate.dialect.H2Dialect
2026-03-25 22:32:50.160  INFO 2914 --- [           main] o.h.e.t.j.p.i.JtaPlatformInitiator       : HHH000490: Using JtaPlatform implementation: [org.hibernate.engine.transaction.jta.platform.internal.NoJtaPlatform]
2026-03-25 22:32:50.160  INFO 2914 --- [           main] j.LocalContainerEntityManagerFactoryBean : Initialized JPA EntityManagerFactory for persistence unit 'default'
2026-03-25 22:32:50.233  WARN 2914 --- [           main] JpaBaseConfiguration$JpaWebConfiguration : spring.jpa.open-in-view is enabled by default. Therefore, database queries may be performed during view rendering. Explicitly configure spring.jpa.open-in-view to disable this warning
2026-03-25 22:32:50.279  INFO 2914 --- [           main] o.s.s.concurrent.ThreadPoolTaskExecutor  : Initializing ExecutorService 'applicationTaskExecutor'
2026-03-25 22:32:50.377  INFO 2914 --- [           main] o.s.b.a.e.web.EndpointLinksResolver      : Exposing 2 endpoint(s) beneath base path '/actuator'
2026-03-25 22:32:50.388  INFO 2914 --- [           main] com.fdmgroup.RealEstateApp.UserTests     : Started UserTests in 0.359 seconds (JVM running for 22.809)
2026-03-25 22:32:50.392  INFO 2914 --- [           main] o.s.s.concurrent.ThreadPoolTaskExecutor  : Shutting down ExecutorService 'applicationTaskExecutor'
2026-03-25 22:32:50.392  INFO 2914 --- [           main] j.LocalContainerEntityManagerFactoryBean : Closing JPA EntityManagerFactory for persistence unit 'default'
2026-03-25 22:32:50.392  INFO 2914 --- [           main] .SchemaDropperImpl$DelayedDropActionImpl : HHH000477: Starting delayed evictData of schema as part of SessionFactory shut-down'
2026-03-25 22:32:50.393  INFO 2914 --- [           main] com.zaxxer.hikari.HikariDataSource       : HikariPool-43 - Shutdown initiated...
2026-03-25 22:32:50.393  INFO 2914 --- [           main] com.zaxxer.hikari.HikariDataSource       : HikariPool-43 - Shutdown completed.
]]></system-out>
  </testcase>
  <testcase name="testUserSetAccountStatus" classname="com.fdmgroup.RealEstateApp.UserTests" time="0.004">
    <error message="No value present" type="java.util.NoSuchElementException">java.util.NoSuchElementException: No value present
	at com.fdmgroup.RealEstateApp.UserTests.testUserSetAccountStatus(UserTests.java:63)
</error>
    <system-out><![CDATA[
  .   ____          _            __ _ _
 /\\ / ___'_ __ _ _(_)_ __  __ _ \ \ \ \
( ( )\___ | '_ | '_| | '_ \/ _` | \ \ \ \
 \\/  ___)| |_)| | | | | || (_| |  ) ) ) )
  '  |____| .__|_| |_|_| |_\__, | / / / /
 =========|_|==============|___/=/_/_/_/
 :: Spring Boot ::                (v2.4.4)

2026-03-25 22:32:50.400  INFO 2914 --- [           main] com.fdmgroup.RealEstateApp.UserTests     : Starting UserTests using Java 25 on Cristian-Beniamins-MacBook-Pro.local with PID 2914 (started by cristian-beniaminbalau in /Users/cristian-beniaminbalau/Desktop/RealEstateProject)
2026-03-25 22:32:50.400  INFO 2914 --- [           main] com.fdmgroup.RealEstateApp.UserTests     : No active profile set, falling back to default profiles: default
2026-03-25 22:32:50.462  INFO 2914 --- [           main] .s.d.r.c.RepositoryConfigurationDelegate : Bootstrapping Spring Data JPA repositories in DEFAULT mode.
2026-03-25 22:32:50.466  INFO 2914 --- [           main] .s.d.r.c.RepositoryConfigurationDelegate : Finished Spring Data repository scanning in 3 ms. Found 3 JPA repository interfaces.
2026-03-25 22:32:50.495  INFO 2914 --- [           main] com.zaxxer.hikari.HikariDataSource       : HikariPool-44 - Starting...
2026-03-25 22:32:50.496  INFO 2914 --- [           main] com.zaxxer.hikari.HikariDataSource       : HikariPool-44 - Start completed.
2026-03-25 22:32:50.501  INFO 2914 --- [           main] o.hibernate.jpa.internal.util.LogHelper  : HHH000204: Processing PersistenceUnitInfo [name: default]
2026-03-25 22:32:50.502  INFO 2914 --- [           main] org.hibernate.dialect.Dialect            : HHH000400: Using dialect: org.hibernate.dialect.H2Dialect
2026-03-25 22:32:50.526  INFO 2914 --- [           main] o.h.e.t.j.p.i.JtaPlatformInitiator       : HHH000490: Using JtaPlatform implementation: [org.hibernate.engine.transaction.jta.platform.internal.NoJtaPlatform]
2026-03-25 22:32:50.526  INFO 2914 --- [           main] j.LocalContainerEntityManagerFactoryBean : Initialized JPA EntityManagerFactory for persistence unit 'default'
2026-03-25 22:32:50.598  WARN 2914 --- [           main] JpaBaseConfiguration$JpaWebConfiguration : spring.jpa.open-in-view is enabled by default. Therefore, database queries may be performed during view rendering. Explicitly configure spring.jpa.open-in-view to disable this warning
2026-03-25 22:32:50.639  INFO 2914 --- [           main] o.s.s.concurrent.ThreadPoolTaskExecutor  : Initializing ExecutorService 'applicationTaskExecutor'
2026-03-25 22:32:50.739  INFO 2914 --- [           main] o.s.b.a.e.web.EndpointLinksResolver      : Exposing 2 endpoint(s) beneath base path '/actuator'
2026-03-25 22:32:50.750  INFO 2914 --- [           main] com.fdmgroup.RealEstateApp.UserTests     : Started UserTests in 0.355 seconds (JVM running for 23.171)
2026-03-25 22:32:50.753  INFO 2914 --- [           main] o.s.s.concurrent.ThreadPoolTaskExecutor  : Shutting down ExecutorService 'applicationTaskExecutor'
2026-03-25 22:32:50.754  INFO 2914 --- [           main] j.LocalContainerEntityManagerFactoryBean : Closing JPA EntityManagerFactory for persistence unit 'default'
2026-03-25 22:32:50.754  INFO 2914 --- [           main] .SchemaDropperImpl$DelayedDropActionImpl : HHH000477: Starting delayed evictData of schema as part of SessionFactory shut-down'
2026-03-25 22:32:50.754  INFO 2914 --- [           main] com.zaxxer.hikari.HikariDataSource       : HikariPool-44 - Shutdown initiated...
2026-03-25 22:32:50.755  INFO 2914 --- [           main] com.zaxxer.hikari.HikariDataSource       : HikariPool-44 - Shutdown completed.
]]></system-out>
  </testcase>
  <testcase name="testUserSetEmail" classname="com.fdmgroup.RealEstateApp.UserTests" time="0.004">
    <error message="No value present" type="java.util.NoSuchElementException">java.util.NoSuchElementException: No value present
	at com.fdmgroup.RealEstateApp.UserTests.testUserSetEmail(UserTests.java:77)
</error>
    <system-out><![CDATA[
  .   ____          _            __ _ _
 /\\ / ___'_ __ _ _(_)_ __  __ _ \ \ \ \
( ( )\___ | '_ | '_| | '_ \/ _` | \ \ \ \
 \\/  ___)| |_)| | | | | || (_| |  ) ) ) )
  '  |____| .__|_| |_|_| |_\__, | / / / /
 =========|_|==============|___/=/_/_/_/
 :: Spring Boot ::                (v2.4.4)

2026-03-25 22:32:50.761  INFO 2914 --- [           main] com.fdmgroup.RealEstateApp.UserTests     : Starting UserTests using Java 25 on Cristian-Beniamins-MacBook-Pro.local with PID 2914 (started by cristian-beniaminbalau in /Users/cristian-beniaminbalau/Desktop/RealEstateProject)
2026-03-25 22:32:50.761  INFO 2914 --- [           main] com.fdmgroup.RealEstateApp.UserTests     : No active profile set, falling back to default profiles: default
2026-03-25 22:32:50.823  INFO 2914 --- [           main] .s.d.r.c.RepositoryConfigurationDelegate : Bootstrapping Spring Data JPA repositories in DEFAULT mode.
2026-03-25 22:32:50.826  INFO 2914 --- [           main] .s.d.r.c.RepositoryConfigurationDelegate : Finished Spring Data repository scanning in 3 ms. Found 3 JPA repository interfaces.
2026-03-25 22:32:50.863  INFO 2914 --- [           main] com.zaxxer.hikari.HikariDataSource       : HikariPool-45 - Starting...
2026-03-25 22:32:50.864  INFO 2914 --- [           main] com.zaxxer.hikari.HikariDataSource       : HikariPool-45 - Start completed.
2026-03-25 22:32:50.869  INFO 2914 --- [           main] o.hibernate.jpa.internal.util.LogHelper  : HHH000204: Processing PersistenceUnitInfo [name: default]
2026-03-25 22:32:50.871  INFO 2914 --- [           main] org.hibernate.dialect.Dialect            : HHH000400: Using dialect: org.hibernate.dialect.H2Dialect
2026-03-25 22:32:50.890  INFO 2914 --- [           main] o.h.e.t.j.p.i.JtaPlatformInitiator       : HHH000490: Using JtaPlatform implementation: [org.hibernate.engine.transaction.jta.platform.internal.NoJtaPlatform]
2026-03-25 22:32:50.890  INFO 2914 --- [           main] j.LocalContainerEntityManagerFactoryBean : Initialized JPA EntityManagerFactory for persistence unit 'default'
2026-03-25 22:32:50.949  WARN 2914 --- [           main] JpaBaseConfiguration$JpaWebConfiguration : spring.jpa.open-in-view is enabled by default. Therefore, database queries may be performed during view rendering. Explicitly configure spring.jpa.open-in-view to disable this warning
2026-03-25 22:32:50.986  INFO 2914 --- [           main] o.s.s.concurrent.ThreadPoolTaskExecutor  : Initializing ExecutorService 'applicationTaskExecutor'
2026-03-25 22:32:51.082  INFO 2914 --- [           main] o.s.b.a.e.web.EndpointLinksResolver      : Exposing 2 endpoint(s) beneath base path '/actuator'
2026-03-25 22:32:51.092  INFO 2914 --- [           main] com.fdmgroup.RealEstateApp.UserTests     : Started UserTests in 0.336 seconds (JVM running for 23.514)
2026-03-25 22:32:51.095  INFO 2914 --- [           main] o.s.s.concurrent.ThreadPoolTaskExecutor  : Shutting down ExecutorService 'applicationTaskExecutor'
2026-03-25 22:32:51.096  INFO 2914 --- [           main] j.LocalContainerEntityManagerFactoryBean : Closing JPA EntityManagerFactory for persistence unit 'default'
2026-03-25 22:32:51.096  INFO 2914 --- [           main] .SchemaDropperImpl$DelayedDropActionImpl : HHH000477: Starting delayed evictData of schema as part of SessionFactory shut-down'
2026-03-25 22:32:51.097  INFO 2914 --- [           main] com.zaxxer.hikari.HikariDataSource       : HikariPool-45 - Shutdown initiated...
2026-03-25 22:32:51.097  INFO 2914 --- [           main] com.zaxxer.hikari.HikariDataSource       : HikariPool-45 - Shutdown completed.
]]></system-out>
  </testcase>
  <testcase name="testCreateNewUser" classname="com.fdmgroup.RealEstateApp.UserTests" time="0.005"/>
</testsuite>